Using pre-set license
Built from '2021.3/staging' branch; Version is '2021.3.15f1 (e8e88683f834) revision 15263878'; Using compiler version '192829333'; Build Type 'Release'
OS: 'Windows 11  (10.0.22621) 64bit Professional' Language: 'en' Physical Memory: 16204 MB
BatchMode: 1, IsHumanControllingUs: 0, StartBugReporterOnCrash: 0, Is64bit: 1, IsPro: 1

COMMAND LINE ARGUMENTS:
C:\Program Files\Unity\Hub\Editor\2021.3.15f1\Editor\Unity.exe
-adb2
-batchMode
-noUpm
-name
AssetImportWorker2
-projectPath
C:/Users/simon/Documents/Development/mini-projet-unity
-logFile
Logs/AssetImportWorker2.log
-srvPort
62869
Successfully changed project path to: C:/Users/simon/Documents/Development/mini-projet-unity
C:/Users/simon/Documents/Development/mini-projet-unity
[UnityMemory] Configuration Parameters - Can be set up in boot.config
    "memorysetup-bucket-allocator-granularity=16"
    "memorysetup-bucket-allocator-bucket-count=8"
    "memorysetup-bucket-allocator-block-size=33554432"
    "memorysetup-bucket-allocator-block-count=8"
    "memorysetup-main-allocator-block-size=16777216"
    "memorysetup-thread-allocator-block-size=16777216"
    "memorysetup-gfx-main-allocator-block-size=16777216"
    "memorysetup-gfx-thread-allocator-block-size=16777216"
    "memorysetup-cache-allocator-block-size=4194304"
    "memorysetup-typetree-allocator-block-size=2097152"
    "memorysetup-profiler-bucket-allocator-granularity=16"
    "memorysetup-profiler-bucket-allocator-bucket-count=8"
    "memorysetup-profiler-bucket-allocator-block-size=33554432"
    "memorysetup-profiler-bucket-allocator-block-count=8"
    "memorysetup-profiler-allocator-block-size=16777216"
    "memorysetup-profiler-editor-allocator-block-size=1048576"
    "memorysetup-temp-allocator-size-main=16777216"
    "memorysetup-job-temp-allocator-block-size=2097152"
    "memorysetup-job-temp-allocator-block-size-background=1048576"
    "memorysetup-job-temp-allocator-reduction-small-platforms=262144"
    "memorysetup-temp-allocator-size-background-worker=32768"
    "memorysetup-temp-allocator-size-job-worker=262144"
    "memorysetup-temp-allocator-size-preload-manager=33554432"
    "memorysetup-temp-allocator-size-nav-mesh-worker=65536"
    "memorysetup-temp-allocator-size-audio-worker=65536"
    "memorysetup-temp-allocator-size-cloud-worker=32768"
    "memorysetup-temp-allocator-size-gi-baking-worker=262144"
    "memorysetup-temp-allocator-size-gfx=262144"
Player connection [2220] Host "[IP] 192.168.159.1 [Port] 0 [Flags] 2 [Guid] 2439104541 [EditorId] 2439104541 [Version] 1048832 [Id] WindowsEditor(7,MiNotebookPro) [Debug] 1 [PackageName] WindowsEditor [ProjectName] Editor" joined multi-casting on [225.0.0.222:54997]...

Player connection [2220] Host "[IP] 192.168.159.1 [Port] 0 [Flags] 2 [Guid] 2439104541 [EditorId] 2439104541 [Version] 1048832 [Id] WindowsEditor(7,MiNotebookPro) [Debug] 1 [PackageName] WindowsEditor [ProjectName] Editor" joined alternative multi-casting on [225.0.0.222:34997]...

Refreshing native plugins compatible for Editor in 119.76 ms, found 2 plugins.
Preloading 0 native plugins for Editor in 0.00 ms.
Initialize engine version: 2021.3.15f1 (e8e88683f834)
[Subsystems] Discovering subsystems at path C:/Program Files/Unity/Hub/Editor/2021.3.15f1/Editor/Data/Resources/UnitySubsystems
[Subsystems] Discovering subsystems at path C:/Users/simon/Documents/Development/mini-projet-unity/Assets
GfxDevice: creating device client; threaded=0; jobified=0
Direct3D:
    Version:  Direct3D 11.0 [level 11.1]
    Renderer: NVIDIA GeForce MX150 (ID=0x1d12)
    Vendor:   NVIDIA
    VRAM:     1982 MB
    Driver:   31.0.15.2737
Initialize mono
Mono path[0] = 'C:/Program Files/Unity/Hub/Editor/2021.3.15f1/Editor/Data/Managed'
Mono path[1] = 'C:/Program Files/Unity/Hub/Editor/2021.3.15f1/Editor/Data/MonoBleedingEdge/lib/mono/unityjit-win32'
Mono config path = 'C:/Program Files/Unity/Hub/Editor/2021.3.15f1/Editor/Data/MonoBleedingEdge/etc'
Using monoOptions --debugger-agent=transport=dt_socket,embedding=1,server=y,suspend=n,address=127.0.0.1:56540
Begin MonoManager ReloadAssembly
Registering precompiled unity dll's ...
Register platform support module: C:/Program Files/Unity/Hub/Editor/2021.3.15f1/Editor/Data/PlaybackEngines/WebGLSupport/UnityEditor.WebGL.Extensions.dll
Register platform support module: C:/Program Files/Unity/Hub/Editor/2021.3.15f1/Editor/Data/PlaybackEngines/WindowsStandaloneSupport/UnityEditor.WindowsStandalone.Extensions.dll
Registered in 0.006667 seconds.
Native extension for WindowsStandalone target not found
Native extension for WebGL target not found
Refreshing native plugins compatible for Editor in 102.56 ms, found 2 plugins.
Preloading 0 native plugins for Editor in 0.00 ms.
Mono: successfully reloaded assembly
- Completed reload, in  0.853 seconds
Domain Reload Profiling:
	ReloadAssembly (854ms)
		BeginReloadAssembly (102ms)
			ExecutionOrderSort (0ms)
			DisableScriptedObjects (0ms)
			BackupInstance (0ms)
			ReleaseScriptingObjects (0ms)
			CreateAndSetChildDomain (1ms)
		EndReloadAssembly (624ms)
			LoadAssemblies (99ms)
			RebuildTransferFunctionScriptingTraits (0ms)
			SetupTypeCache (132ms)
			ReleaseScriptCaches (0ms)
			RebuildScriptCaches (38ms)
			SetupLoadedEditorAssemblies (385ms)
				LogAssemblyErrors (0ms)
				InitializePlatformSupportModulesInManaged (14ms)
				SetLoadedEditorAssemblies (0ms)
				RefreshPlugins (103ms)
				BeforeProcessingInitializeOnLoad (2ms)
				ProcessInitializeOnLoadAttributes (188ms)
				ProcessInitializeOnLoadMethodAttributes (78ms)
				AfterProcessingInitializeOnLoad (0ms)
				EditorAssembliesLoaded (0ms)
			ExecutionOrderSort2 (0ms)
			AwakeInstancesAfterBackupRestoration (0ms)
Platform modules already initialized, skipping
Registering precompiled user dll's ...
Registered in 0.006711 seconds.
Begin MonoManager ReloadAssembly
Native extension for WindowsStandalone target not found
Native extension for WebGL target not found
Refreshing native plugins compatible for Editor in 92.76 ms, found 2 plugins.
Preloading 0 native plugins for Editor in 0.00 ms.
Package Manager log level set to [2]
Mono: successfully reloaded assembly
- Completed reload, in  1.653 seconds
Domain Reload Profiling:
	ReloadAssembly (1654ms)
		BeginReloadAssembly (159ms)
			ExecutionOrderSort (0ms)
			DisableScriptedObjects (15ms)
			BackupInstance (0ms)
			ReleaseScriptingObjects (0ms)
			CreateAndSetChildDomain (27ms)
		EndReloadAssembly (1348ms)
			LoadAssemblies (106ms)
			RebuildTransferFunctionScriptingTraits (0ms)
			SetupTypeCache (268ms)
			ReleaseScriptCaches (1ms)
			RebuildScriptCaches (86ms)
			SetupLoadedEditorAssemblies (829ms)
				LogAssemblyErrors (0ms)
				InitializePlatformSupportModulesInManaged (7ms)
				SetLoadedEditorAssemblies (0ms)
				RefreshPlugins (93ms)
				BeforeProcessingInitializeOnLoad (106ms)
				ProcessInitializeOnLoadAttributes (415ms)
				ProcessInitializeOnLoadMethodAttributes (197ms)
				AfterProcessingInitializeOnLoad (10ms)
				EditorAssembliesLoaded (0ms)
			ExecutionOrderSort2 (0ms)
			AwakeInstancesAfterBackupRestoration (11ms)
Platform modules already initialized, skipping
========================================================================
Worker process is ready to serve import requests
Launched and connected shader compiler UnityShaderCompiler.exe after 0.07 seconds
Refreshing native plugins compatible for Editor in 2.03 ms, found 2 plugins.
Preloading 0 native plugins for Editor in 0.00 ms.
Unloading 2955 Unused Serialized files (Serialized files now loaded: 0)
Unloading 78 unused Assets / (131.0 KB). Loaded Objects now: 3391.
Memory consumption went from 115.3 MB to 115.1 MB.
Total: 9.387800 ms (FindLiveObjects: 0.260500 ms CreateObjectMapping: 0.199300 ms MarkObjects: 8.805800 ms  DeleteObjects: 0.120300 ms)

AssetImportParameters requested are different than current active one (requested -> active):
  custom:video-decoder-ogg-theora: a1e56fd34408186e4bbccfd4996cb3dc -> 
  custom:container-muxer-webm: aa71ff27fc2769a1b78a27578f13a17b -> 
  custom:container-demuxer-webm: 4f35f7cbe854078d1ac9338744f61a02 -> 
  custom:video-encoder-webm-vp8: eb34c28f22e8b96e1ab97ce403110664 -> 
  custom:audio-encoder-webm-vorbis: bf7c407c2cedff20999df2af8eb42d56 -> 
  custom:framework-win-MediaFoundation: 216162199b28c13a410421893ffa2e32 -> 
  custom:container-demuxer-ogg: 62fdf1f143b41e24485cea50d1cbac27 -> 
  custom:video-decoder-webm-vp8: 9c59270c3fd7afecdb556c50c9e8de78 -> 
  custom:audio-decoder-ogg-vorbis: bf7c407c2cedff20999df2af8eb42d56 -> 
========================================================================
Received Import Request.
  Time since last request: 88548.811942 seconds.
  path: Assets/vSchool/Prefabs/Models.prefab
  artifactKey: Guid(b6a6d5fa720e1c04ca3cde714dc4b7f9) Importer(815301076,1909f56bfc062723c751e8b465ee728b)
Start importing Assets/vSchool/Prefabs/Models.prefab using Guid(b6a6d5fa720e1c04ca3cde714dc4b7f9) Importer(815301076,1909f56bfc062723c751e8b465ee728b)  -> (artifact id: '9e9300002fd1441dc60e07d99e9235b7') in 1.541190 seconds 
========================================================================
Received Import Request.
  Time since last request: 0.000049 seconds.
  path: Assets/vSchool/Prefabs/Meilleure porte d'entr‚e.FBX
  artifactKey: Guid(63d66d0c911190c42a13c34803da27f1) Importer(815301076,1909f56bfc062723c751e8b465ee728b)
Start importing Assets/vSchool/Prefabs/Meilleure porte d'entr‚e.FBX using Guid(63d66d0c911190c42a13c34803da27f1) Importer(815301076,1909f56bfc062723c751e8b465ee728b)  -> (artifact id: 'c7725e1265705a93cce7501cc08766f9') in 0.356194 seconds 
========================================================================
Received Import Request.
  Time since last request: 6.788293 seconds.
  path: Assets/vSchool/Materials/02 - Default.mat
  artifactKey: Guid(a1170ffa56e2dfd478a98b048f43061e) Importer(815301076,1909f56bfc062723c751e8b465ee728b)
Start importing Assets/vSchool/Materials/02 - Default.mat using Guid(a1170ffa56e2dfd478a98b048f43061e) Importer(815301076,1909f56bfc062723c751e8b465ee728b)  -> (artifact id: '11dd7e2edd4b3fc20cddc8170937ef92') in 0.043322 seconds 
========================================================================
Received Import Request.
  Time since last request: 0.000035 seconds.
  path: Assets/vSchool/Materials/MetalBlue.mat
  artifactKey: Guid(87f5b445e5a56894ea987e6dc6d8d240) Importer(815301076,1909f56bfc062723c751e8b465ee728b)
Start importing Assets/vSchool/Materials/MetalBlue.mat using Guid(87f5b445e5a56894ea987e6dc6d8d240) Importer(815301076,1909f56bfc062723c751e8b465ee728b)  -> (artifact id: 'e99e8b40ebf40f133e6d6731ccbf541d') in 0.018180 seconds 
========================================================================
Received Import Request.
  Time since last request: 4.561066 seconds.
  path: Assets/vSchool/Textures/Border.png
  artifactKey: Guid(989249b4075101f4e88848d72543d05b) Importer(815301076,1909f56bfc062723c751e8b465ee728b)
Start importing Assets/vSchool/Textures/Border.png using Guid(989249b4075101f4e88848d72543d05b) Importer(815301076,1909f56bfc062723c751e8b465ee728b)  -> (artifact id: 'fead83b1177deccaff2f5ab3e9437699') in 0.038961 seconds 
========================================================================
Received Import Request.
  Time since last request: 25.106175 seconds.
  path: Assets/vSchool/Models/Amenagement
  artifactKey: Guid(74586910f22b584499e3574ffc0c5000) Importer(815301076,1909f56bfc062723c751e8b465ee728b)
Start importing Assets/vSchool/Models/Amenagement using Guid(74586910f22b584499e3574ffc0c5000) Importer(815301076,1909f56bfc062723c751e8b465ee728b)  -> (artifact id: 'ba7d06c4a1f1ed91a296f3956526f28c') in 0.006600 seconds 
========================================================================
Received Import Request.
  Time since last request: 0.303771 seconds.
  path: Assets/vSchool/Models/Desk elements
  artifactKey: Guid(99e0fa8e53240ec4ba21aa2c19458e44) Importer(815301076,1909f56bfc062723c751e8b465ee728b)
Start importing Assets/vSchool/Models/Desk elements using Guid(99e0fa8e53240ec4ba21aa2c19458e44) Importer(815301076,1909f56bfc062723c751e8b465ee728b)  -> (artifact id: 'be01582d4685f0f06403881c401cb24b') in 0.006603 seconds 
========================================================================
Received Import Request.
  Time since last request: 0.407550 seconds.
  path: Assets/vSchool/Models/Materials
  artifactKey: Guid(5863a87f640459e48ae597e9c704f448) Importer(815301076,1909f56bfc062723c751e8b465ee728b)
Start importing Assets/vSchool/Models/Materials using Guid(5863a87f640459e48ae597e9c704f448) Importer(815301076,1909f56bfc062723c751e8b465ee728b)  -> (artifact id: '228b5d01e0f164ee8c7c620d7258cf28') in 0.006313 seconds 
========================================================================
Received Import Request.
  Time since last request: 0.418111 seconds.
  path: Assets/vSchool/Models/plan locaux
  artifactKey: Guid(8db79cd30a9c7f346b860d956cf8c366) Importer(815301076,1909f56bfc062723c751e8b465ee728b)
Start importing Assets/vSchool/Models/plan locaux using Guid(8db79cd30a9c7f346b860d956cf8c366) Importer(815301076,1909f56bfc062723c751e8b465ee728b)  -> (artifact id: 'd19e0d75519ae47d3ec8a4a6063b7799') in 0.007106 seconds 
========================================================================
Received Import Request.
  Time since last request: 0.346912 seconds.
  path: Assets/vSchool/Models/SweetHome3d
  artifactKey: Guid(81971af513e9d81448030f8775ebb377) Importer(815301076,1909f56bfc062723c751e8b465ee728b)
Start importing Assets/vSchool/Models/SweetHome3d using Guid(81971af513e9d81448030f8775ebb377) Importer(815301076,1909f56bfc062723c751e8b465ee728b)  -> (artifact id: 'f0fe8cb96c0983b4e916b0f539ce5fb9') in 0.006952 seconds 
========================================================================
Received Import Request.
  Time since last request: 12.151231 seconds.
  path: Assets/vSchool/Models/plan locaux/Plan am‚nagement avec local m‚nage en cm - v3 rescaled.obj
  artifactKey: Guid(d6df7fad1469559468ba1ecc8f9bed0a) Importer(815301076,1909f56bfc062723c751e8b465ee728b)
Start importing Assets/vSchool/Models/plan locaux/Plan am‚nagement avec local m‚nage en cm - v3 rescaled.obj using Guid(d6df7fad1469559468ba1ecc8f9bed0a) Importer(815301076,1909f56bfc062723c751e8b465ee728b)  -> (artifact id: '7e752a0f985b8329a0c5be636a51c0de') in 34.760921 seconds 
========================================================================
Received Import Request.
  Time since last request: 105.892627 seconds.
  path: Assets/vSchool/Prefabs/LightSwitch.prefab
  artifactKey: Guid(86a1f9148d0928646a956beb6276109e) Importer(815301076,1909f56bfc062723c751e8b465ee728b)
Start importing Assets/vSchool/Prefabs/LightSwitch.prefab using Guid(86a1f9148d0928646a956beb6276109e) Importer(815301076,1909f56bfc062723c751e8b465ee728b)  -> (artifact id: 'fe64710d57f2247bc38fc4eaf8c65d88') in 0.054679 seconds 
========================================================================
Received Import Request.
  Time since last request: 344.994587 seconds.
  path: Assets/vSchool/Prefabs/Materials/_emergencyGlassDoubleDoorframe.mat
  artifactKey: Guid(a81d6c1de1b7a4ee6ba4fc188deee1a6) Importer(815301076,1909f56bfc062723c751e8b465ee728b)
Start importing Assets/vSchool/Prefabs/Materials/_emergencyGlassDoubleDoorframe.mat using Guid(a81d6c1de1b7a4ee6ba4fc188deee1a6) Importer(815301076,1909f56bfc062723c751e8b465ee728b)  -> (artifact id: '3c7f604d15fd7c70dfee5b6f2c07b365') in 0.030793 seconds 
========================================================================
Received Import Request.
  Time since last request: 0.000033 seconds.
  path: Assets/vSchool/Prefabs/Materials/Material #39.mat
  artifactKey: Guid(03680eb8abc4b4224b86f6ecf47c0c2b) Importer(815301076,1909f56bfc062723c751e8b465ee728b)
Start importing Assets/vSchool/Prefabs/Materials/Material #39.mat using Guid(03680eb8abc4b4224b86f6ecf47c0c2b) Importer(815301076,1909f56bfc062723c751e8b465ee728b)  -> (artifact id: '37a4292f56ae7702f9a07e28c6a363f0') in 0.017021 seconds 
========================================================================
Received Import Request.
  Time since last request: 0.000035 seconds.
  path: Assets/vSchool/Prefabs/Materials/Material #61.mat
  artifactKey: Guid(123a4cad78c59d647a1cad455f3af52e) Importer(815301076,1909f56bfc062723c751e8b465ee728b)
Start importing Assets/vSchool/Prefabs/Materials/Material #61.mat using Guid(123a4cad78c59d647a1cad455f3af52e) Importer(815301076,1909f56bfc062723c751e8b465ee728b)  -> (artifact id: '3c7cf5bb4998b860800cd66baf30bf80') in 0.018524 seconds 
========================================================================
Received Import Request.
  Time since last request: 0.000020 seconds.
  path: Assets/vSchool/Prefabs/Materials/Material #70.mat
  artifactKey: Guid(f6f9ff0824c314cc5a997f263946c029) Importer(815301076,1909f56bfc062723c751e8b465ee728b)
Start importing Assets/vSchool/Prefabs/Materials/Material #70.mat using Guid(f6f9ff0824c314cc5a997f263946c029) Importer(815301076,1909f56bfc062723c751e8b465ee728b)  -> (artifact id: '37968b75958ca0644ca882d116a4d001') in 0.016934 seconds 
========================================================================
Received Import Request.
  Time since last request: 0.000039 seconds.
  path: Assets/vSchool/Prefabs/Materials/Material #71.mat
  artifactKey: Guid(f81e3330e59544a528c30455a3d7eb57) Importer(815301076,1909f56bfc062723c751e8b465ee728b)
Start importing Assets/vSchool/Prefabs/Materials/Material #71.mat using Guid(f81e3330e59544a528c30455a3d7eb57) Importer(815301076,1909f56bfc062723c751e8b465ee728b)  -> (artifact id: '3ed669097480cef03e2f4a34c2b57174') in 0.014270 seconds 
========================================================================
Received Import Request.
  Time since last request: 0.000049 seconds.
  path: Assets/vSchool/Prefabs/Materials/Material #58.mat
  artifactKey: Guid(c54fb1d902dde45129aa3d8fdeb0fb46) Importer(815301076,1909f56bfc062723c751e8b465ee728b)
Start importing Assets/vSchool/Prefabs/Materials/Material #58.mat using Guid(c54fb1d902dde45129aa3d8fdeb0fb46) Importer(815301076,1909f56bfc062723c751e8b465ee728b)  -> (artifact id: 'acbca5fe55fb5d14e9948cc321b0dbbd') in 0.017466 seconds 
========================================================================
Received Import Request.
  Time since last request: 0.000029 seconds.
  path: Assets/vSchool/Prefabs/Materials/Material #29.mat
  artifactKey: Guid(d9d3ed639b3034643b758d8928ceb157) Importer(815301076,1909f56bfc062723c751e8b465ee728b)
Start importing Assets/vSchool/Prefabs/Materials/Material #29.mat using Guid(d9d3ed639b3034643b758d8928ceb157) Importer(815301076,1909f56bfc062723c751e8b465ee728b)  -> (artifact id: '52d0e407b3f33d13beb2a27ec15a7d80') in 0.017260 seconds 
========================================================================
Received Import Request.
  Time since last request: 0.000056 seconds.
  path: Assets/vSchool/Prefabs/Materials/Material #50.mat
  artifactKey: Guid(bc211e5b0e06bcd45a077b807ead694d) Importer(815301076,1909f56bfc062723c751e8b465ee728b)
Start importing Assets/vSchool/Prefabs/Materials/Material #50.mat using Guid(bc211e5b0e06bcd45a077b807ead694d) Importer(815301076,1909f56bfc062723c751e8b465ee728b)  -> (artifact id: '68524bd95bbb96a9f89ce71169139d0e') in 0.017354 seconds 
========================================================================
Received Import Request.
  Time since last request: 0.000035 seconds.
  path: Assets/vSchool/Prefabs/Materials/Material #35.mat
  artifactKey: Guid(a9e81833eeff74320a39e632a62b9ae5) Importer(815301076,1909f56bfc062723c751e8b465ee728b)
Start importing Assets/vSchool/Prefabs/Materials/Material #35.mat using Guid(a9e81833eeff74320a39e632a62b9ae5) Importer(815301076,1909f56bfc062723c751e8b465ee728b)  -> (artifact id: '689c11c599607493b6ed2e499601cda8') in 0.019155 seconds 
========================================================================
Received Import Request.
  Time since last request: 0.000028 seconds.
  path: Assets/vSchool/Prefabs/Materials/Material #49.mat
  artifactKey: Guid(1ac9e63df61df9346977319ef4e58887) Importer(815301076,1909f56bfc062723c751e8b465ee728b)
Start importing Assets/vSchool/Prefabs/Materials/Material #49.mat using Guid(1ac9e63df61df9346977319ef4e58887) Importer(815301076,1909f56bfc062723c751e8b465ee728b)  -> (artifact id: '0794506cc7dd4f56851e351d4c3ba1c6') in 0.017699 seconds 
========================================================================
Received Import Request.
  Time since last request: 0.000023 seconds.
  path: Assets/vSchool/Prefabs/Materials/Material #37.mat
  artifactKey: Guid(eb3011952b4b3449aac867312c9c0d7d) Importer(815301076,1909f56bfc062723c751e8b465ee728b)
Start importing Assets/vSchool/Prefabs/Materials/Material #37.mat using Guid(eb3011952b4b3449aac867312c9c0d7d) Importer(815301076,1909f56bfc062723c751e8b465ee728b)  -> (artifact id: 'c3bed3e3a2bf5c9be96a4a3ab55789f8') in 0.016305 seconds 
========================================================================
Received Import Request.
  Time since last request: 0.000028 seconds.
  path: Assets/vSchool/Prefabs/Materials/Material #59.mat
  artifactKey: Guid(86f82cc83e450484a831e6b55d924be7) Importer(815301076,1909f56bfc062723c751e8b465ee728b)
Start importing Assets/vSchool/Prefabs/Materials/Material #59.mat using Guid(86f82cc83e450484a831e6b55d924be7) Importer(815301076,1909f56bfc062723c751e8b465ee728b)  -> (artifact id: '5d93563b0219605f3b7e3f5b63e5f71b') in 0.020866 seconds 
========================================================================
Received Import Request.
  Time since last request: 0.000040 seconds.
  path: Assets/vSchool/Prefabs/Materials/Material #30.mat
  artifactKey: Guid(2b70165a5f40e4c7697cb5b08b031b0d) Importer(815301076,1909f56bfc062723c751e8b465ee728b)
Start importing Assets/vSchool/Prefabs/Materials/Material #30.mat using Guid(2b70165a5f40e4c7697cb5b08b031b0d) Importer(815301076,1909f56bfc062723c751e8b465ee728b)  -> (artifact id: '6807e15566cc9db696fb1b7fbe05a53a') in 0.016881 seconds 
========================================================================
Received Import Request.
  Time since last request: 0.000022 seconds.
  path: Assets/vSchool/Prefabs/Materials/Sans titre 5.mat
  artifactKey: Guid(b835d10c75da18c489b3388f58b748cb) Importer(815301076,1909f56bfc062723c751e8b465ee728b)
Start importing Assets/vSchool/Prefabs/Materials/Sans titre 5.mat using Guid(b835d10c75da18c489b3388f58b748cb) Importer(815301076,1909f56bfc062723c751e8b465ee728b)  -> (artifact id: '304e87ce32da16719cc13d83160f8622') in 0.018587 seconds 
========================================================================
Received Import Request.
  Time since last request: 0.000030 seconds.
  path: Assets/vSchool/Prefabs/Materials/_emergencyGlassDoubleDoorsilver_spraypaint.mat
  artifactKey: Guid(1069e2d8b3f9f4819b5c13b17408ee62) Importer(815301076,1909f56bfc062723c751e8b465ee728b)
Start importing Assets/vSchool/Prefabs/Materials/_emergencyGlassDoubleDoorsilver_spraypaint.mat using Guid(1069e2d8b3f9f4819b5c13b17408ee62) Importer(815301076,1909f56bfc062723c751e8b465ee728b)  -> (artifact id: '2f229e309669205b50ab618c9d73e57a') in 0.019378 seconds 
========================================================================
Received Import Request.
  Time since last request: 0.000043 seconds.
  path: Assets/vSchool/Prefabs/Materials/demonstrateur usine du futur 2.mat
  artifactKey: Guid(b6a52f37a2ad32f4886158d5b1484fa0) Importer(815301076,1909f56bfc062723c751e8b465ee728b)
Start importing Assets/vSchool/Prefabs/Materials/demonstrateur usine du futur 2.mat using Guid(b6a52f37a2ad32f4886158d5b1484fa0) Importer(815301076,1909f56bfc062723c751e8b465ee728b)  -> (artifact id: '0bf4ebff47acfc14e71e9da3ae30c5ec') in 0.015583 seconds 
========================================================================
Received Import Request.
  Time since last request: 0.000022 seconds.
  path: Assets/vSchool/Prefabs/Materials/Material #60.mat
  artifactKey: Guid(7312b48572634db4ea3890a11dc36c63) Importer(815301076,1909f56bfc062723c751e8b465ee728b)
Start importing Assets/vSchool/Prefabs/Materials/Material #60.mat using Guid(7312b48572634db4ea3890a11dc36c63) Importer(815301076,1909f56bfc062723c751e8b465ee728b)  -> (artifact id: 'b673badbb08abdc8a291b673e8f8ebb8') in 0.016770 seconds 
========================================================================
Received Import Request.
  Time since last request: 0.000023 seconds.
  path: Assets/vSchool/Prefabs/Materials/Material #32.mat
  artifactKey: Guid(9e9017771676c44b9ab77d3a24e91cd2) Importer(815301076,1909f56bfc062723c751e8b465ee728b)
Start importing Assets/vSchool/Prefabs/Materials/Material #32.mat using Guid(9e9017771676c44b9ab77d3a24e91cd2) Importer(815301076,1909f56bfc062723c751e8b465ee728b)  -> (artifact id: 'd68a2539f8ecfb932f7b3baf7b11c6bc') in 0.017103 seconds 
========================================================================
Received Import Request.
  Time since last request: 0.000027 seconds.
  path: Assets/vSchool/Prefabs/Materials/Material #31.mat
  artifactKey: Guid(6ebc02263ca0e43b7a55dfe11ade84e2) Importer(815301076,1909f56bfc062723c751e8b465ee728b)
Start importing Assets/vSchool/Prefabs/Materials/Material #31.mat using Guid(6ebc02263ca0e43b7a55dfe11ade84e2) Importer(815301076,1909f56bfc062723c751e8b465ee728b)  -> (artifact id: 'a2673e6c8ac724e11c94046ece9022ef') in 0.017751 seconds 
========================================================================
Received Import Request.
  Time since last request: 0.000026 seconds.
  path: Assets/vSchool/Prefabs/Materials/Material #36.mat
  artifactKey: Guid(b3492f6adfe674319854db0003ea587f) Importer(815301076,1909f56bfc062723c751e8b465ee728b)
Start importing Assets/vSchool/Prefabs/Materials/Material #36.mat using Guid(b3492f6adfe674319854db0003ea587f) Importer(815301076,1909f56bfc062723c751e8b465ee728b)  -> (artifact id: '181737a5414df8e1949d4f1df1724122') in 0.015264 seconds 
========================================================================
Received Import Request.
  Time since last request: 0.000035 seconds.
  path: Assets/vSchool/Prefabs/Materials/Material #63.mat
  artifactKey: Guid(2e09aa1718bd049e29355621090e8cf0) Importer(815301076,1909f56bfc062723c751e8b465ee728b)
Start importing Assets/vSchool/Prefabs/Materials/Material #63.mat using Guid(2e09aa1718bd049e29355621090e8cf0) Importer(815301076,1909f56bfc062723c751e8b465ee728b)  -> (artifact id: 'af9f194a0669aede03f234ec2368a9a3') in 0.015544 seconds 
========================================================================
Received Import Request.
  Time since last request: 0.000032 seconds.
  path: Assets/vSchool/Prefabs/Materials/Material #65.mat
  artifactKey: Guid(bbc1fff6754ac4e168db63f6fbed5329) Importer(815301076,1909f56bfc062723c751e8b465ee728b)
Start importing Assets/vSchool/Prefabs/Materials/Material #65.mat using Guid(bbc1fff6754ac4e168db63f6fbed5329) Importer(815301076,1909f56bfc062723c751e8b465ee728b)  -> (artifact id: 'd901c45711e4f8c1aa3ae09597b530b9') in 0.019497 seconds 
========================================================================
Received Import Request.
  Time since last request: 0.000029 seconds.
  path: Assets/vSchool/Prefabs/Materials/Material #34.mat
  artifactKey: Guid(1c5c35ec5d09a4a5084ee7272b35382d) Importer(815301076,1909f56bfc062723c751e8b465ee728b)
Start importing Assets/vSchool/Prefabs/Materials/Material #34.mat using Guid(1c5c35ec5d09a4a5084ee7272b35382d) Importer(815301076,1909f56bfc062723c751e8b465ee728b)  -> (artifact id: '9c8492a134c1ab8674ae21a23d4cb7e1') in 0.025102 seconds 
========================================================================
Received Import Request.
  Time since last request: 0.000027 seconds.
  path: Assets/vSchool/Prefabs/Materials/Material #46.mat
  artifactKey: Guid(30bb108211fae432998d002e3330494c) Importer(815301076,1909f56bfc062723c751e8b465ee728b)
Start importing Assets/vSchool/Prefabs/Materials/Material #46.mat using Guid(30bb108211fae432998d002e3330494c) Importer(815301076,1909f56bfc062723c751e8b465ee728b)  -> (artifact id: '4cf73e5dbb555e7157fc4fcec8aa8769') in 0.017054 seconds 
========================================================================
Received Import Request.
  Time since last request: 0.000054 seconds.
  path: Assets/vSchool/Prefabs/Materials/Material #38.mat
  artifactKey: Guid(d49103901d79b44ab9a160d8c6df860a) Importer(815301076,1909f56bfc062723c751e8b465ee728b)
Start importing Assets/vSchool/Prefabs/Materials/Material #38.mat using Guid(d49103901d79b44ab9a160d8c6df860a) Importer(815301076,1909f56bfc062723c751e8b465ee728b)  -> (artifact id: '9652a540f7fbd6044a31697c30811ed6') in 0.018375 seconds 
========================================================================
Received Import Request.
  Time since last request: 0.000034 seconds.
  path: Assets/vSchool/Prefabs/Materials/Material #44.mat
  artifactKey: Guid(635ccb81507b741108e9c6ad66777e9e) Importer(815301076,1909f56bfc062723c751e8b465ee728b)
Start importing Assets/vSchool/Prefabs/Materials/Material #44.mat using Guid(635ccb81507b741108e9c6ad66777e9e) Importer(815301076,1909f56bfc062723c751e8b465ee728b)  -> (artifact id: '57d6cf79a4a2facd0178889cf72aa9df') in 0.019618 seconds 
========================================================================
Received Import Request.
  Time since last request: 0.000032 seconds.
  path: Assets/vSchool/Prefabs/Materials/maceta.mat
  artifactKey: Guid(b458b3742fe974554a81e7a7485fcb46) Importer(815301076,1909f56bfc062723c751e8b465ee728b)
Start importing Assets/vSchool/Prefabs/Materials/maceta.mat using Guid(b458b3742fe974554a81e7a7485fcb46) Importer(815301076,1909f56bfc062723c751e8b465ee728b)  -> (artifact id: 'c96e11137cbc1e3169f955cac85ba7e1') in 0.019564 seconds 
========================================================================
Received Import Request.
  Time since last request: 0.211307 seconds.
  path: Assets/vSchool/Prefabs/Materialsimported/_emergencyGlassDoubleDoorframe.mat
  artifactKey: Guid(4ff5d3a94083cc541972ed591ec22d25) Importer(815301076,1909f56bfc062723c751e8b465ee728b)
Start importing Assets/vSchool/Prefabs/Materialsimported/_emergencyGlassDoubleDoorframe.mat using Guid(4ff5d3a94083cc541972ed591ec22d25) Importer(815301076,1909f56bfc062723c751e8b465ee728b)  -> (artifact id: 'a4a43afb4a38266cad6a8e8a0d3c93d2') in 0.012902 seconds 
========================================================================
Received Import Request.
  Time since last request: 0.000037 seconds.
  path: Assets/vSchool/Prefabs/Materialsimported/Material #49.mat
  artifactKey: Guid(d9723682e70352740bc42519343e8517) Importer(815301076,1909f56bfc062723c751e8b465ee728b)
Start importing Assets/vSchool/Prefabs/Materialsimported/Material #49.mat using Guid(d9723682e70352740bc42519343e8517) Importer(815301076,1909f56bfc062723c751e8b465ee728b)  -> (artifact id: '973770e8946f3ec02572554510e1b152') in 0.014903 seconds 
========================================================================
Received Import Request.
  Time since last request: 0.000028 seconds.
  path: Assets/vSchool/Prefabs/Materialsimported/Color_H10.mat
  artifactKey: Guid(d9f8ba6e584c2a44db4dfdc4b7f9ba8b) Importer(815301076,1909f56bfc062723c751e8b465ee728b)
Start importing Assets/vSchool/Prefabs/Materialsimported/Color_H10.mat using Guid(d9f8ba6e584c2a44db4dfdc4b7f9ba8b) Importer(815301076,1909f56bfc062723c751e8b465ee728b)  -> (artifact id: 'acd50c4355fd22d5e53380949f9f2422') in 0.016817 seconds 
========================================================================
Received Import Request.
  Time since last request: 0.000029 seconds.
  path: Assets/vSchool/Prefabs/Materialsimported/maceta.mat
  artifactKey: Guid(ccda3f8dd9e57e64ea4e155d4e8670d6) Importer(815301076,1909f56bfc062723c751e8b465ee728b)
Start importing Assets/vSchool/Prefabs/Materialsimported/maceta.mat using Guid(ccda3f8dd9e57e64ea4e155d4e8670d6) Importer(815301076,1909f56bfc062723c751e8b465ee728b)  -> (artifact id: '0957b9b25eff787892d2e3d3fe4d7e70') in 0.014926 seconds 
========================================================================
Received Import Request.
  Time since last request: 0.000029 seconds.
  path: Assets/vSchool/Prefabs/Materialsimported/Color_C05.mat
  artifactKey: Guid(21e8888e401807e43a5dbafc3be35299) Importer(815301076,1909f56bfc062723c751e8b465ee728b)
Start importing Assets/vSchool/Prefabs/Materialsimported/Color_C05.mat using Guid(21e8888e401807e43a5dbafc3be35299) Importer(815301076,1909f56bfc062723c751e8b465ee728b)  -> (artifact id: '90792aeff07d12a7eca58d1767a68986') in 0.026615 seconds 
========================================================================
Received Import Request.
  Time since last request: 22.604962 seconds.
  path: Assets/vSchool/Scripts/LightSwitchBehaviour.cs
  artifactKey: Guid(e031e165c861ce24193c3550dc75e492) Importer(815301076,1909f56bfc062723c751e8b465ee728b)
Start importing Assets/vSchool/Scripts/LightSwitchBehaviour.cs using Guid(e031e165c861ce24193c3550dc75e492) Importer(815301076,1909f56bfc062723c751e8b465ee728b)  -> (artifact id: 'e0eaae239b970c1f843094c4d8b849d6') in 0.009948 seconds 
========================================================================
Received Prepare
Registering precompiled user dll's ...
Registered in 0.008755 seconds.
Begin MonoManager ReloadAssembly
Native extension for WindowsStandalone target not found
Native extension for WebGL target not found
Refreshing native plugins compatible for Editor in 1.31 ms, found 2 plugins.
Preloading 0 native plugins for Editor in 0.00 ms.
Mono: successfully reloaded assembly
- Completed reload, in  1.865 seconds
Domain Reload Profiling:
	ReloadAssembly (1867ms)
		BeginReloadAssembly (190ms)
			ExecutionOrderSort (0ms)
			DisableScriptedObjects (11ms)
			BackupInstance (0ms)
			ReleaseScriptingObjects (0ms)
			CreateAndSetChildDomain (61ms)
		EndReloadAssembly (1514ms)
			LoadAssemblies (116ms)
			RebuildTransferFunctionScriptingTraits (0ms)
			SetupTypeCache (307ms)
			ReleaseScriptCaches (1ms)
			RebuildScriptCaches (60ms)
			SetupLoadedEditorAssemblies (939ms)
				LogAssemblyErrors (0ms)
				InitializePlatformSupportModulesInManaged (15ms)
				SetLoadedEditorAssemblies (1ms)
				RefreshPlugins (1ms)
				BeforeProcessingInitializeOnLoad (94ms)
				ProcessInitializeOnLoadAttributes (508ms)
				ProcessInitializeOnLoadMethodAttributes (302ms)
				AfterProcessingInitializeOnLoad (16ms)
				EditorAssembliesLoaded (1ms)
			ExecutionOrderSort2 (0ms)
			AwakeInstancesAfterBackupRestoration (16ms)
Platform modules already initialized, skipping
Refreshing native plugins compatible for Editor in 13.57 ms, found 2 plugins.
Preloading 0 native plugins for Editor in 0.00 ms.
Unloading 2948 Unused Serialized files (Serialized files now loaded: 0)
Unloading 53 unused Assets / (96.3 KB). Loaded Objects now: 3454.
Memory consumption went from 132.4 MB to 132.3 MB.
Total: 12.291300 ms (FindLiveObjects: 0.344300 ms CreateObjectMapping: 0.243500 ms MarkObjects: 11.635500 ms  DeleteObjects: 0.066300 ms)

AssetImportParameters requested are different than current active one (requested -> active):
  custom:video-decoder-ogg-theora: a1e56fd34408186e4bbccfd4996cb3dc -> 
  custom:container-muxer-webm: aa71ff27fc2769a1b78a27578f13a17b -> 
  custom:container-demuxer-webm: 4f35f7cbe854078d1ac9338744f61a02 -> 
  custom:video-encoder-webm-vp8: eb34c28f22e8b96e1ab97ce403110664 -> 
  custom:audio-encoder-webm-vorbis: bf7c407c2cedff20999df2af8eb42d56 -> 
  custom:framework-win-MediaFoundation: 216162199b28c13a410421893ffa2e32 -> 
  custom:container-demuxer-ogg: 62fdf1f143b41e24485cea50d1cbac27 -> 
  custom:video-decoder-webm-vp8: 9c59270c3fd7afecdb556c50c9e8de78 -> 
  custom:audio-decoder-ogg-vorbis: bf7c407c2cedff20999df2af8eb42d56 -> 
========================================================================
Received Import Request.
  Time since last request: 340.965591 seconds.
  path: Assets/StarterAssets/Environment/Prefabs/Box_100x100x100_Prefab.prefab
  artifactKey: Guid(e5f4daf24146ee040b5a2d7a73b30aa0) Importer(815301076,1909f56bfc062723c751e8b465ee728b)
Start importing Assets/StarterAssets/Environment/Prefabs/Box_100x100x100_Prefab.prefab using Guid(e5f4daf24146ee040b5a2d7a73b30aa0) Importer(815301076,1909f56bfc062723c751e8b465ee728b)  -> (artifact id: '7b7eb55031c37af042a8527f10e9bc19') in 0.255954 seconds 
========================================================================
Received Import Request.
  Time since last request: 0.000032 seconds.
  path: Assets/StarterAssets/Environment/Art/Models/Box_350x250x300_Mesh.fbx
  artifactKey: Guid(d2f0da3998423f44594868ffed55c3e6) Importer(815301076,1909f56bfc062723c751e8b465ee728b)
Start importing Assets/StarterAssets/Environment/Art/Models/Box_350x250x300_Mesh.fbx using Guid(d2f0da3998423f44594868ffed55c3e6) Importer(815301076,1909f56bfc062723c751e8b465ee728b)  -> (artifact id: 'b67fe1211f44f8e95c9ee3472eedc9e7') in 0.064711 seconds 
========================================================================
Received Import Request.
  Time since last request: 0.000033 seconds.
  path: Assets/StarterAssets/Environment/Prefabs/Box_350x250x200_Prefab.prefab
  artifactKey: Guid(7b846d8f536f007498c941069487ce81) Importer(815301076,1909f56bfc062723c751e8b465ee728b)
Start importing Assets/StarterAssets/Environment/Prefabs/Box_350x250x200_Prefab.prefab using Guid(7b846d8f536f007498c941069487ce81) Importer(815301076,1909f56bfc062723c751e8b465ee728b)  -> (artifact id: 'b3d57abccef370392f3b9298f7b137d8') in 0.020690 seconds 
========================================================================
Received Prepare
Registering precompiled user dll's ...
Registered in 0.005838 seconds.
Begin MonoManager ReloadAssembly
Native extension for WindowsStandalone target not found
Native extension for WebGL target not found
Refreshing native plugins compatible for Editor in 1.31 ms, found 2 plugins.
Preloading 0 native plugins for Editor in 0.00 ms.
Mono: successfully reloaded assembly
- Completed reload, in  1.813 seconds
Domain Reload Profiling:
	ReloadAssembly (1814ms)
		BeginReloadAssembly (181ms)
			ExecutionOrderSort (0ms)
			DisableScriptedObjects (10ms)
			BackupInstance (0ms)
			ReleaseScriptingObjects (0ms)
			CreateAndSetChildDomain (49ms)
		EndReloadAssembly (1476ms)
			LoadAssemblies (120ms)
			RebuildTransferFunctionScriptingTraits (0ms)
			SetupTypeCache (327ms)
			ReleaseScriptCaches (1ms)
			RebuildScriptCaches (68ms)
			SetupLoadedEditorAssemblies (869ms)
				LogAssemblyErrors (0ms)
				InitializePlatformSupportModulesInManaged (16ms)
				SetLoadedEditorAssemblies (1ms)
				RefreshPlugins (1ms)
				BeforeProcessingInitializeOnLoad (127ms)
				ProcessInitializeOnLoadAttributes (438ms)
				ProcessInitializeOnLoadMethodAttributes (274ms)
				AfterProcessingInitializeOnLoad (11ms)
				EditorAssembliesLoaded (0ms)
			ExecutionOrderSort2 (0ms)
			AwakeInstancesAfterBackupRestoration (13ms)
Platform modules already initialized, skipping
Refreshing native plugins compatible for Editor in 9.91 ms, found 2 plugins.
Preloading 0 native plugins for Editor in 0.00 ms.
Unloading 2948 Unused Serialized files (Serialized files now loaded: 0)
Unloading 53 unused Assets / (96.4 KB). Loaded Objects now: 3469.
Memory consumption went from 132.5 MB to 132.4 MB.
Total: 10.355500 ms (FindLiveObjects: 0.310000 ms CreateObjectMapping: 0.265200 ms MarkObjects: 9.704900 ms  DeleteObjects: 0.073800 ms)

AssetImportParameters requested are different than current active one (requested -> active):
  custom:video-decoder-ogg-theora: a1e56fd34408186e4bbccfd4996cb3dc -> 
  custom:container-muxer-webm: aa71ff27fc2769a1b78a27578f13a17b -> 
  custom:container-demuxer-webm: 4f35f7cbe854078d1ac9338744f61a02 -> 
  custom:video-encoder-webm-vp8: eb34c28f22e8b96e1ab97ce403110664 -> 
  custom:audio-encoder-webm-vorbis: bf7c407c2cedff20999df2af8eb42d56 -> 
  custom:framework-win-MediaFoundation: 216162199b28c13a410421893ffa2e32 -> 
  custom:container-demuxer-ogg: 62fdf1f143b41e24485cea50d1cbac27 -> 
  custom:video-decoder-webm-vp8: 9c59270c3fd7afecdb556c50c9e8de78 -> 
  custom:audio-decoder-ogg-vorbis: bf7c407c2cedff20999df2af8eb42d56 -> 
Editor requested this worker to shutdown with reason: Scaling down because of idle timeout
AssetImportWorker is now disconnected from the server
Process exiting
Exiting without the bug reporter. Application will terminate with return code 0