Using pre-set license
Built from '2021.3/staging' branch; Version is '2021.3.15f1 (e8e88683f834) revision 15263878'; Using compiler version '192829333'; Build Type 'Release'
OS: 'Windows 11  (10.0.22000) 64bit Core' Language: 'en' Physical Memory: 16110 MB
BatchMode: 1, IsHumanControllingUs: 0, StartBugReporterOnCrash: 0, Is64bit: 1, IsPro: 1

COMMAND LINE ARGUMENTS:
C:\Program Files\Unity\Hub\Editor\2021.3.15f1\Editor\Unity.exe
-adb2
-batchMode
-noUpm
-name
AssetImportWorker3
-projectPath
C:/Users/mathe/Desktop/Cesi/2022-2023/RA-RV/Unity/mini-projet-unity
-logFile
Logs/AssetImportWorker3.log
-srvPort
65361
Successfully changed project path to: C:/Users/mathe/Desktop/Cesi/2022-2023/RA-RV/Unity/mini-projet-unity
C:/Users/mathe/Desktop/Cesi/2022-2023/RA-RV/Unity/mini-projet-unity
[UnityMemory] Configuration Parameters - Can be set up in boot.config
    "memorysetup-bucket-allocator-granularity=16"
    "memorysetup-bucket-allocator-bucket-count=8"
    "memorysetup-bucket-allocator-block-size=33554432"
    "memorysetup-bucket-allocator-block-count=8"
    "memorysetup-main-allocator-block-size=16777216"
    "memorysetup-thread-allocator-block-size=16777216"
    "memorysetup-gfx-main-allocator-block-size=16777216"
    "memorysetup-gfx-thread-allocator-block-size=16777216"
    "memorysetup-cache-allocator-block-size=4194304"
    "memorysetup-typetree-allocator-block-size=2097152"
    "memorysetup-profiler-bucket-allocator-granularity=16"
    "memorysetup-profiler-bucket-allocator-bucket-count=8"
    "memorysetup-profiler-bucket-allocator-block-size=33554432"
    "memorysetup-profiler-bucket-allocator-block-count=8"
    "memorysetup-profiler-allocator-block-size=16777216"
    "memorysetup-profiler-editor-allocator-block-size=1048576"
    "memorysetup-temp-allocator-size-main=16777216"
    "memorysetup-job-temp-allocator-block-size=2097152"
    "memorysetup-job-temp-allocator-block-size-background=1048576"
    "memorysetup-job-temp-allocator-reduction-small-platforms=262144"
    "memorysetup-temp-allocator-size-background-worker=32768"
    "memorysetup-temp-allocator-size-job-worker=262144"
    "memorysetup-temp-allocator-size-preload-manager=33554432"
    "memorysetup-temp-allocator-size-nav-mesh-worker=65536"
    "memorysetup-temp-allocator-size-audio-worker=65536"
    "memorysetup-temp-allocator-size-cloud-worker=32768"
    "memorysetup-temp-allocator-size-gi-baking-worker=262144"
    "memorysetup-temp-allocator-size-gfx=262144"
Player connection [11164] Host "[IP] 192.168.48.1 [Port] 0 [Flags] 2 [Guid] 3152875594 [EditorId] 3152875594 [Version] 1048832 [Id] WindowsEditor(7,DESKTOP-SQTI1FP) [Debug] 1 [PackageName] WindowsEditor [ProjectName] Editor" joined multi-casting on [225.0.0.222:54997]...

Player connection [11164] Host "[IP] 192.168.48.1 [Port] 0 [Flags] 2 [Guid] 3152875594 [EditorId] 3152875594 [Version] 1048832 [Id] WindowsEditor(7,DESKTOP-SQTI1FP) [Debug] 1 [PackageName] WindowsEditor [ProjectName] Editor" joined alternative multi-casting on [225.0.0.222:34997]...

Refreshing native plugins compatible for Editor in 204.52 ms, found 2 plugins.
Preloading 0 native plugins for Editor in 0.00 ms.
Initialize engine version: 2021.3.15f1 (e8e88683f834)
[Subsystems] Discovering subsystems at path C:/Program Files/Unity/Hub/Editor/2021.3.15f1/Editor/Data/Resources/UnitySubsystems
[Subsystems] Discovering subsystems at path C:/Users/mathe/Desktop/Cesi/2022-2023/RA-RV/Unity/mini-projet-unity/Assets
GfxDevice: creating device client; threaded=0; jobified=0
Direct3D:
    Version:  Direct3D 11.0 [level 11.1]
    Renderer: Intel(R) Iris(R) Xe Graphics (ID=0x9a49)
    Vendor:   Intel
    VRAM:     8055 MB
    Driver:   30.0.101.1692
Initialize mono
Mono path[0] = 'C:/Program Files/Unity/Hub/Editor/2021.3.15f1/Editor/Data/Managed'
Mono path[1] = 'C:/Program Files/Unity/Hub/Editor/2021.3.15f1/Editor/Data/MonoBleedingEdge/lib/mono/unityjit-win32'
Mono config path = 'C:/Program Files/Unity/Hub/Editor/2021.3.15f1/Editor/Data/MonoBleedingEdge/etc'
Using monoOptions --debugger-agent=transport=dt_socket,embedding=1,server=y,suspend=n,address=127.0.0.1:56064
Begin MonoManager ReloadAssembly
Registering precompiled unity dll's ...
Register platform support module: C:/Program Files/Unity/Hub/Editor/2021.3.15f1/Editor/Data/PlaybackEngines/WindowsStandaloneSupport/UnityEditor.WindowsStandalone.Extensions.dll
Registered in 0.006082 seconds.
Native extension for WindowsStandalone target not found
Refreshing native plugins compatible for Editor in 93.78 ms, found 2 plugins.
Preloading 0 native plugins for Editor in 0.00 ms.
Mono: successfully reloaded assembly
- Completed reload, in  0.923 seconds
Domain Reload Profiling:
	ReloadAssembly (924ms)
		BeginReloadAssembly (99ms)
			ExecutionOrderSort (0ms)
			DisableScriptedObjects (0ms)
			BackupInstance (0ms)
			ReleaseScriptingObjects (0ms)
			CreateAndSetChildDomain (1ms)
		EndReloadAssembly (709ms)
			LoadAssemblies (96ms)
			RebuildTransferFunctionScriptingTraits (0ms)
			SetupTypeCache (176ms)
			ReleaseScriptCaches (0ms)
			RebuildScriptCaches (34ms)
			SetupLoadedEditorAssemblies (432ms)
				LogAssemblyErrors (0ms)
				InitializePlatformSupportModulesInManaged (7ms)
				SetLoadedEditorAssemblies (0ms)
				RefreshPlugins (94ms)
				BeforeProcessingInitializeOnLoad (1ms)
				ProcessInitializeOnLoadAttributes (223ms)
				ProcessInitializeOnLoadMethodAttributes (107ms)
				AfterProcessingInitializeOnLoad (0ms)
				EditorAssembliesLoaded (0ms)
			ExecutionOrderSort2 (0ms)
			AwakeInstancesAfterBackupRestoration (0ms)
Platform modules already initialized, skipping
Registering precompiled user dll's ...
Registered in 0.005379 seconds.
Begin MonoManager ReloadAssembly
Native extension for WindowsStandalone target not found
Refreshing native plugins compatible for Editor in 123.07 ms, found 2 plugins.
Preloading 0 native plugins for Editor in 0.00 ms.
Package Manager log level set to [2]
Mono: successfully reloaded assembly
- Completed reload, in  1.996 seconds
Domain Reload Profiling:
	ReloadAssembly (1997ms)
		BeginReloadAssembly (124ms)
			ExecutionOrderSort (0ms)
			DisableScriptedObjects (7ms)
			BackupInstance (0ms)
			ReleaseScriptingObjects (0ms)
			CreateAndSetChildDomain (22ms)
		EndReloadAssembly (1723ms)
			LoadAssemblies (87ms)
			RebuildTransferFunctionScriptingTraits (0ms)
			SetupTypeCache (403ms)
			ReleaseScriptCaches (1ms)
			RebuildScriptCaches (93ms)
			SetupLoadedEditorAssemblies (1031ms)
				LogAssemblyErrors (0ms)
				InitializePlatformSupportModulesInManaged (7ms)
				SetLoadedEditorAssemblies (0ms)
				RefreshPlugins (123ms)
				BeforeProcessingInitializeOnLoad (132ms)
				ProcessInitializeOnLoadAttributes (561ms)
				ProcessInitializeOnLoadMethodAttributes (203ms)
				AfterProcessingInitializeOnLoad (5ms)
				EditorAssembliesLoaded (0ms)
			ExecutionOrderSort2 (0ms)
			AwakeInstancesAfterBackupRestoration (7ms)
Platform modules already initialized, skipping
========================================================================
Worker process is ready to serve import requests
Launched and connected shader compiler UnityShaderCompiler.exe after 0.10 seconds
Refreshing native plugins compatible for Editor in 1.19 ms, found 2 plugins.
Preloading 0 native plugins for Editor in 0.00 ms.
Unloading 2954 Unused Serialized files (Serialized files now loaded: 0)
Unloading 78 unused Assets / (131.0 KB). Loaded Objects now: 3390.
Memory consumption went from 115.4 MB to 115.2 MB.
Total: 9.190800 ms (FindLiveObjects: 0.492700 ms CreateObjectMapping: 0.190200 ms MarkObjects: 8.371200 ms  DeleteObjects: 0.134600 ms)

AssetImportParameters requested are different than current active one (requested -> active):
  custom:video-decoder-ogg-theora: a1e56fd34408186e4bbccfd4996cb3dc -> 
  custom:container-muxer-webm: aa71ff27fc2769a1b78a27578f13a17b -> 
  custom:container-demuxer-webm: 4f35f7cbe854078d1ac9338744f61a02 -> 
  custom:video-encoder-webm-vp8: eb34c28f22e8b96e1ab97ce403110664 -> 
  custom:video-codec-MediaFoundation-h265: 746d11721c4dcdbdad8f713fa42b33f4 -> 
  custom:audio-encoder-webm-vorbis: bf7c407c2cedff20999df2af8eb42d56 -> 
  custom:framework-win-MediaFoundation: 216162199b28c13a410421893ffa2e32 -> 
  custom:container-demuxer-ogg: 62fdf1f143b41e24485cea50d1cbac27 -> 
  custom:video-decoder-webm-vp8: 9c59270c3fd7afecdb556c50c9e8de78 -> 
  custom:audio-decoder-ogg-vorbis: bf7c407c2cedff20999df2af8eb42d56 -> 
========================================================================
Received Import Request.
  Time since last request: 4547.896937 seconds.
  path: Assets/vSchool/Models/Amenagement/Materials/Porte_4809Mat.mat
  artifactKey: Guid(e0d520bba11c5bc45a5d5110a48f0794) Importer(815301076,1909f56bfc062723c751e8b465ee728b)
Start importing Assets/vSchool/Models/Amenagement/Materials/Porte_4809Mat.mat using Guid(e0d520bba11c5bc45a5d5110a48f0794) Importer(815301076,1909f56bfc062723c751e8b465ee728b)  -> (artifact id: 'd82aee692747a81045bda60b6c667cb6') in 0.177195 seconds 
========================================================================
Received Import Request.
  Time since last request: 0.000028 seconds.
  path: Assets/vSchool/Models/Amenagement/Materials/Porte_66829Mat.mat
  artifactKey: Guid(a2c1806bfb4e7304e878969af4072391) Importer(815301076,1909f56bfc062723c751e8b465ee728b)
Start importing Assets/vSchool/Models/Amenagement/Materials/Porte_66829Mat.mat using Guid(a2c1806bfb4e7304e878969af4072391) Importer(815301076,1909f56bfc062723c751e8b465ee728b)  -> (artifact id: '120d15c5e3cc1f1629aec5dcd3a5474d') in 0.036419 seconds 
========================================================================
Received Import Request.
  Time since last request: 0.000032 seconds.
  path: Assets/vSchool/Models/Amenagement/Materials/Porte_70147Mat.mat
  artifactKey: Guid(f7123fed0c59a66429c52ebc437d7ad3) Importer(815301076,1909f56bfc062723c751e8b465ee728b)
Start importing Assets/vSchool/Models/Amenagement/Materials/Porte_70147Mat.mat using Guid(f7123fed0c59a66429c52ebc437d7ad3) Importer(815301076,1909f56bfc062723c751e8b465ee728b)  -> (artifact id: 'e8d0734968c512ff538cb14309d55b08') in 0.027640 seconds 
========================================================================
Received Import Request.
  Time since last request: 0.000048 seconds.
  path: Assets/vSchool/Models/Amenagement/Materials/Porte_38663.mat
  artifactKey: Guid(4f894ef4b0d1be242a84887a7e5950f9) Importer(815301076,1909f56bfc062723c751e8b465ee728b)
Start importing Assets/vSchool/Models/Amenagement/Materials/Porte_38663.mat using Guid(4f894ef4b0d1be242a84887a7e5950f9) Importer(815301076,1909f56bfc062723c751e8b465ee728b)  -> (artifact id: 'e5a3f4cb99b8d81c8b1b38321ea1b36d') in 0.027930 seconds 
========================================================================
Received Import Request.
  Time since last request: 0.000036 seconds.
  path: Assets/vSchool/Models/Amenagement/Materials/Porte_69199Mat.mat
  artifactKey: Guid(5d7a72aa0496d8a429143d4c107d2410) Importer(815301076,1909f56bfc062723c751e8b465ee728b)
Start importing Assets/vSchool/Models/Amenagement/Materials/Porte_69199Mat.mat using Guid(5d7a72aa0496d8a429143d4c107d2410) Importer(815301076,1909f56bfc062723c751e8b465ee728b)  -> (artifact id: 'd8fd211ddaaa985e07444b939556f895') in 0.022980 seconds 
========================================================================
Received Import Request.
  Time since last request: 0.000034 seconds.
  path: Assets/vSchool/Models/Amenagement/Materials/Porte_1_71081Mat.mat
  artifactKey: Guid(6c2784f172b36894b973656ac494f3e2) Importer(815301076,1909f56bfc062723c751e8b465ee728b)
Start importing Assets/vSchool/Models/Amenagement/Materials/Porte_1_71081Mat.mat using Guid(6c2784f172b36894b973656ac494f3e2) Importer(815301076,1909f56bfc062723c751e8b465ee728b)  -> (artifact id: '9ff6b7dc034aa459e19563d7f3d0c23c') in 0.047324 seconds 
========================================================================
Received Import Request.
  Time since last request: 0.000055 seconds.
  path: Assets/vSchool/Models/Amenagement/Materials/Porte_1_68711Mat.mat
  artifactKey: Guid(53a0b7ce4c9a8ca41ae839396eabad15) Importer(815301076,1909f56bfc062723c751e8b465ee728b)
Start importing Assets/vSchool/Models/Amenagement/Materials/Porte_1_68711Mat.mat using Guid(53a0b7ce4c9a8ca41ae839396eabad15) Importer(815301076,1909f56bfc062723c751e8b465ee728b)  -> (artifact id: 'ab5273ff1cb8f163ed7f2a259206447b') in 0.033719 seconds 
========================================================================
Received Import Request.
  Time since last request: 0.000032 seconds.
  path: Assets/vSchool/Models/Amenagement/Materials/Porte_4527Mat.mat
  artifactKey: Guid(bf9707aab17d4ee4ab838ce7293b6bc2) Importer(815301076,1909f56bfc062723c751e8b465ee728b)
Start importing Assets/vSchool/Models/Amenagement/Materials/Porte_4527Mat.mat using Guid(bf9707aab17d4ee4ab838ce7293b6bc2) Importer(815301076,1909f56bfc062723c751e8b465ee728b)  -> (artifact id: 'bf398414e18ee47b9ea434e0bbdfbdb8') in 0.035015 seconds 
========================================================================
Received Import Request.
  Time since last request: 0.000039 seconds.
  path: Assets/vSchool/Models/Amenagement/Materials/Porte_5655Mat.mat
  artifactKey: Guid(ee0c669fac45887478534fbd42e738e2) Importer(815301076,1909f56bfc062723c751e8b465ee728b)
Start importing Assets/vSchool/Models/Amenagement/Materials/Porte_5655Mat.mat using Guid(ee0c669fac45887478534fbd42e738e2) Importer(815301076,1909f56bfc062723c751e8b465ee728b)  -> (artifact id: 'a50beb3597abb4dd2c4af80d7fe7c778') in 0.058512 seconds 
========================================================================
Received Import Request.
  Time since last request: 0.000060 seconds.
  path: Assets/vSchool/Models/Amenagement/Materials/Porte_66355.mat
  artifactKey: Guid(3e2b104e930b5ea4db385513541ecfdf) Importer(815301076,1909f56bfc062723c751e8b465ee728b)
Start importing Assets/vSchool/Models/Amenagement/Materials/Porte_66355.mat using Guid(3e2b104e930b5ea4db385513541ecfdf) Importer(815301076,1909f56bfc062723c751e8b465ee728b)  -> (artifact id: '48d83c903bcf8be258df88ea8708e809') in 0.033146 seconds 
========================================================================
Received Import Request.
  Time since last request: 0.000040 seconds.
  path: Assets/vSchool/Models/Amenagement/Materials/Porte_1_70133Mat.mat
  artifactKey: Guid(229799cf9367da74896148e036389396) Importer(815301076,1909f56bfc062723c751e8b465ee728b)
Start importing Assets/vSchool/Models/Amenagement/Materials/Porte_1_70133Mat.mat using Guid(229799cf9367da74896148e036389396) Importer(815301076,1909f56bfc062723c751e8b465ee728b)  -> (artifact id: 'f68f6a50e928e645e0edd60812271f51') in 0.040959 seconds 
========================================================================
Received Import Request.
  Time since last request: 0.000034 seconds.
  path: Assets/vSchool/Models/Amenagement/Materials/Porte_6501Mat.mat
  artifactKey: Guid(0b18f2fcb5acab14f99e3fc949415a78) Importer(815301076,1909f56bfc062723c751e8b465ee728b)
Start importing Assets/vSchool/Models/Amenagement/Materials/Porte_6501Mat.mat using Guid(0b18f2fcb5acab14f99e3fc949415a78) Importer(815301076,1909f56bfc062723c751e8b465ee728b)  -> (artifact id: '64d96f32c33ab355801ced740549e952') in 0.033304 seconds 
========================================================================
Received Import Request.
  Time since last request: 0.000061 seconds.
  path: Assets/vSchool/Models/Amenagement/Materials/Porte_6783Mat.mat
  artifactKey: Guid(58ad60f27a3eec6488b412e133bd9e87) Importer(815301076,1909f56bfc062723c751e8b465ee728b)
Start importing Assets/vSchool/Models/Amenagement/Materials/Porte_6783Mat.mat using Guid(58ad60f27a3eec6488b412e133bd9e87) Importer(815301076,1909f56bfc062723c751e8b465ee728b)  -> (artifact id: '6117ac8f24bd729730f4f802893fbbb9') in 0.030120 seconds 
========================================================================
Received Import Request.
  Time since last request: 0.000039 seconds.
  path: Assets/vSchool/Models/Amenagement/Materials/Porte_66355Mat.mat
  artifactKey: Guid(ab2f742b4439fb54689b2b21c790e8f0) Importer(815301076,1909f56bfc062723c751e8b465ee728b)
Start importing Assets/vSchool/Models/Amenagement/Materials/Porte_66355Mat.mat using Guid(ab2f742b4439fb54689b2b21c790e8f0) Importer(815301076,1909f56bfc062723c751e8b465ee728b)  -> (artifact id: 'be16f09143b3ab60f3599b8fdadaab8c') in 0.022586 seconds 
========================================================================
Received Import Request.
  Time since last request: 0.000044 seconds.
  path: Assets/vSchool/Models/Amenagement/Materials/Porte_5091Mat.mat
  artifactKey: Guid(33abf79468949aa48bb27231aeddcb23) Importer(815301076,1909f56bfc062723c751e8b465ee728b)
Start importing Assets/vSchool/Models/Amenagement/Materials/Porte_5091Mat.mat using Guid(33abf79468949aa48bb27231aeddcb23) Importer(815301076,1909f56bfc062723c751e8b465ee728b)  -> (artifact id: '4b30097bbd8d5c09d5f186a898b74659') in 0.037104 seconds 
========================================================================
Received Import Request.
  Time since last request: 0.000062 seconds.
  path: Assets/vSchool/Models/Amenagement/Materials/Porte_1_69185Mat.mat
  artifactKey: Guid(d9efec01b3775a145b59da0da2e96fa1) Importer(815301076,1909f56bfc062723c751e8b465ee728b)
Start importing Assets/vSchool/Models/Amenagement/Materials/Porte_1_69185Mat.mat using Guid(d9efec01b3775a145b59da0da2e96fa1) Importer(815301076,1909f56bfc062723c751e8b465ee728b)  -> (artifact id: '7fadc710129a2e4056e87a8807b50418') in 0.028652 seconds 
========================================================================
Received Import Request.
  Time since last request: 0.000040 seconds.
  path: Assets/vSchool/Models/Amenagement/Materials/Porte_1_69659Mat.mat
  artifactKey: Guid(3e0f931255bad854b9b589076f9182fa) Importer(815301076,1909f56bfc062723c751e8b465ee728b)
Start importing Assets/vSchool/Models/Amenagement/Materials/Porte_1_69659Mat.mat using Guid(3e0f931255bad854b9b589076f9182fa) Importer(815301076,1909f56bfc062723c751e8b465ee728b)  -> (artifact id: '2eeafc7f6882b7fc499ad242a98ae0e9') in 0.041760 seconds 
========================================================================
Received Import Request.
  Time since last request: 0.000031 seconds.
  path: Assets/vSchool/Models/Amenagement/Materials/Porte_5937Mat.mat
  artifactKey: Guid(2d7d78b9a339197409ba98c4b7824e00) Importer(815301076,1909f56bfc062723c751e8b465ee728b)
Start importing Assets/vSchool/Models/Amenagement/Materials/Porte_5937Mat.mat using Guid(2d7d78b9a339197409ba98c4b7824e00) Importer(815301076,1909f56bfc062723c751e8b465ee728b)  -> (artifact id: '40f996edc783afe16ea862eb49f5c38d') in 0.042700 seconds 
========================================================================
Received Import Request.
  Time since last request: 0.000044 seconds.
  path: Assets/vSchool/Models/Amenagement/Materials/Porte_68251Mat.mat
  artifactKey: Guid(bc818453a2bd99442b2633272e7a1e4b) Importer(815301076,1909f56bfc062723c751e8b465ee728b)
Start importing Assets/vSchool/Models/Amenagement/Materials/Porte_68251Mat.mat using Guid(bc818453a2bd99442b2633272e7a1e4b) Importer(815301076,1909f56bfc062723c751e8b465ee728b)  -> (artifact id: '4be9d30aa8e7932f378ed711f5213587') in 0.068105 seconds 
========================================================================
Received Import Request.
  Time since last request: 0.000038 seconds.
  path: Assets/vSchool/Models/plan locaux/Materials/Porte_332Mat.mat
  artifactKey: Guid(b1bd31117bc4aa54aba73f44fcbe9178) Importer(815301076,1909f56bfc062723c751e8b465ee728b)
Start importing Assets/vSchool/Models/plan locaux/Materials/Porte_332Mat.mat using Guid(b1bd31117bc4aa54aba73f44fcbe9178) Importer(815301076,1909f56bfc062723c751e8b465ee728b)  -> (artifact id: '1f151d8b15cfe289ae5559fc8e92b36f') in 0.077439 seconds 
========================================================================
Received Import Request.
  Time since last request: 0.000049 seconds.
  path: Assets/vSchool/Models/Amenagement/Materials/Porte_1_70607Mat.mat
  artifactKey: Guid(00f69db3f1078e64f9c1b0872f0a6179) Importer(815301076,1909f56bfc062723c751e8b465ee728b)
Start importing Assets/vSchool/Models/Amenagement/Materials/Porte_1_70607Mat.mat using Guid(00f69db3f1078e64f9c1b0872f0a6179) Importer(815301076,1909f56bfc062723c751e8b465ee728b)  -> (artifact id: 'e6d117b971adb67c713cf9f81e95d222') in 0.035304 seconds 
========================================================================
Received Import Request.
  Time since last request: 0.002677 seconds.
  path: Assets/vSchool/Models/Amenagement/Materials/Porte_7065Mat.mat
  artifactKey: Guid(e92032a3c7775094799749ee63f28dfa) Importer(815301076,1909f56bfc062723c751e8b465ee728b)
Start importing Assets/vSchool/Models/Amenagement/Materials/Porte_7065Mat.mat using Guid(e92032a3c7775094799749ee63f28dfa) Importer(815301076,1909f56bfc062723c751e8b465ee728b)  -> (artifact id: '182b70489d269f333096c1a1d9c0284e') in 0.048425 seconds 
========================================================================
Received Import Request.
  Time since last request: 0.000049 seconds.
  path: Assets/vSchool/Models/plan locaux/Materials/Porte_346Mat.mat
  artifactKey: Guid(d9d684c783091df499a6fd43bf95e06b) Importer(815301076,1909f56bfc062723c751e8b465ee728b)
Start importing Assets/vSchool/Models/plan locaux/Materials/Porte_346Mat.mat using Guid(d9d684c783091df499a6fd43bf95e06b) Importer(815301076,1909f56bfc062723c751e8b465ee728b)  -> (artifact id: 'e5b691617737f51fe88edba55ce16e08') in 0.113304 seconds 
========================================================================
Received Import Request.
  Time since last request: 0.000039 seconds.
  path: Assets/vSchool/Models/plan locaux/Materials/Porte_374Mat.mat
  artifactKey: Guid(6cc4fcba2a85715479b229df876d730b) Importer(815301076,1909f56bfc062723c751e8b465ee728b)
Start importing Assets/vSchool/Models/plan locaux/Materials/Porte_374Mat.mat using Guid(6cc4fcba2a85715479b229df876d730b) Importer(815301076,1909f56bfc062723c751e8b465ee728b)  -> (artifact id: 'ea7dfb14290b350d41eea76260ad212f') in 0.040715 seconds 
========================================================================
Received Import Request.
  Time since last request: 0.000056 seconds.
  path: Assets/vSchool/Models/Amenagement/Materials/Porte_69673Mat.mat
  artifactKey: Guid(7756bc7a2b2bb694ab2c507e67d3f87c) Importer(815301076,1909f56bfc062723c751e8b465ee728b)
Start importing Assets/vSchool/Models/Amenagement/Materials/Porte_69673Mat.mat using Guid(7756bc7a2b2bb694ab2c507e67d3f87c) Importer(815301076,1909f56bfc062723c751e8b465ee728b)  -> (artifact id: 'f3842917a7a1d9085bcaa8be720d0bb3') in 0.038895 seconds 
========================================================================
Received Import Request.
  Time since last request: 0.000043 seconds.
  path: Assets/vSchool/Models/Amenagement/Materials/Porte_67303Mat.mat
  artifactKey: Guid(e609691400c6c7c4092273c88e88f504) Importer(815301076,1909f56bfc062723c751e8b465ee728b)
Start importing Assets/vSchool/Models/Amenagement/Materials/Porte_67303Mat.mat using Guid(e609691400c6c7c4092273c88e88f504) Importer(815301076,1909f56bfc062723c751e8b465ee728b)  -> (artifact id: '4e63f5951ea59de13724e06a453c369c') in 0.048934 seconds 
========================================================================
Received Import Request.
  Time since last request: 0.000036 seconds.
  path: Assets/vSchool/Models/Amenagement/Materials/Porte_3681Mat.mat
  artifactKey: Guid(405d3b74751dbed4592d64e638d95014) Importer(815301076,1909f56bfc062723c751e8b465ee728b)
Start importing Assets/vSchool/Models/Amenagement/Materials/Porte_3681Mat.mat using Guid(405d3b74751dbed4592d64e638d95014) Importer(815301076,1909f56bfc062723c751e8b465ee728b)  -> (artifact id: '6428a28d4f52e34469936bd8641617d2') in 0.051029 seconds 
========================================================================
Received Import Request.
  Time since last request: 0.000325 seconds.
  path: Assets/vSchool/Models/plan locaux/Materials/Porte_2385Mat.mat
  artifactKey: Guid(ab9a7c2bc8e17f74da38865cacda2a9d) Importer(815301076,1909f56bfc062723c751e8b465ee728b)
Start importing Assets/vSchool/Models/plan locaux/Materials/Porte_2385Mat.mat using Guid(ab9a7c2bc8e17f74da38865cacda2a9d) Importer(815301076,1909f56bfc062723c751e8b465ee728b)  -> (artifact id: '78dfc988e577218d4ddd45d23599ea31') in 0.065652 seconds 
========================================================================
Received Import Request.
  Time since last request: 0.000400 seconds.
  path: Assets/vSchool/Models/Amenagement/Materials/Porte_3399Mat.mat
  artifactKey: Guid(094aa7d1cea3a844581842770be57c4f) Importer(815301076,1909f56bfc062723c751e8b465ee728b)
Start importing Assets/vSchool/Models/Amenagement/Materials/Porte_3399Mat.mat using Guid(094aa7d1cea3a844581842770be57c4f) Importer(815301076,1909f56bfc062723c751e8b465ee728b)  -> (artifact id: '2f59c33c36c8c6113f10514400736a56') in 0.046716 seconds 
========================================================================
Received Import Request.
  Time since last request: 0.000064 seconds.
  path: Assets/vSchool/Models/Amenagement/Materials/Porte_38527Mat.mat
  artifactKey: Guid(83bb0d1fe0b162244b5c3cce40e4281a) Importer(815301076,1909f56bfc062723c751e8b465ee728b)
Start importing Assets/vSchool/Models/Amenagement/Materials/Porte_38527Mat.mat using Guid(83bb0d1fe0b162244b5c3cce40e4281a) Importer(815301076,1909f56bfc062723c751e8b465ee728b)  -> (artifact id: '6764d4f727430674d6919840e5a63557') in 0.035675 seconds 
========================================================================
Received Import Request.
  Time since last request: 0.000037 seconds.
  path: Assets/vSchool/Models/Amenagement/Materials/Porte_67777Mat.mat
  artifactKey: Guid(c700537ed756ea449aed29b451776548) Importer(815301076,1909f56bfc062723c751e8b465ee728b)
Start importing Assets/vSchool/Models/Amenagement/Materials/Porte_67777Mat.mat using Guid(c700537ed756ea449aed29b451776548) Importer(815301076,1909f56bfc062723c751e8b465ee728b)  -> (artifact id: '26a2783f2a1e2cec6c043257f98a9304') in 0.050085 seconds 
========================================================================
Received Import Request.
  Time since last request: 0.000031 seconds.
  path: Assets/vSchool/Models/plan locaux/Materials/Porte_381Mat.mat
  artifactKey: Guid(cd7b964d5dc0f51409675412545dfe17) Importer(815301076,1909f56bfc062723c751e8b465ee728b)
Start importing Assets/vSchool/Models/plan locaux/Materials/Porte_381Mat.mat using Guid(cd7b964d5dc0f51409675412545dfe17) Importer(815301076,1909f56bfc062723c751e8b465ee728b)  -> (artifact id: '0d1a5bd5bbec17d1ad0689ac5e9ca3b0') in 0.038097 seconds 
========================================================================
Received Import Request.
  Time since last request: 0.000046 seconds.
  path: Assets/vSchool/Models/plan locaux/Materials/Porte_318Mat.mat
  artifactKey: Guid(aca88c1db9d4cfc42bf54db7b37cafcc) Importer(815301076,1909f56bfc062723c751e8b465ee728b)
Start importing Assets/vSchool/Models/plan locaux/Materials/Porte_318Mat.mat using Guid(aca88c1db9d4cfc42bf54db7b37cafcc) Importer(815301076,1909f56bfc062723c751e8b465ee728b)  -> (artifact id: '05601ce9260db244e1849d20b8aacb77') in 0.033273 seconds 
========================================================================
Received Import Request.
  Time since last request: 0.000062 seconds.
  path: Assets/vSchool/Models/plan locaux/Materials/Porte_367Mat.mat
  artifactKey: Guid(ca8913c6ee7de89449318b9832359918) Importer(815301076,1909f56bfc062723c751e8b465ee728b)
Start importing Assets/vSchool/Models/plan locaux/Materials/Porte_367Mat.mat using Guid(ca8913c6ee7de89449318b9832359918) Importer(815301076,1909f56bfc062723c751e8b465ee728b)  -> (artifact id: 'bb073f8fd397f52883851bb72722282a') in 0.065179 seconds 
========================================================================
Received Import Request.
  Time since last request: 0.000033 seconds.
  path: Assets/vSchool/Models/plan locaux/Materials/Porte_2388Mat.mat
  artifactKey: Guid(aef4c16a3c060af47b30fa942f1cb9d9) Importer(815301076,1909f56bfc062723c751e8b465ee728b)
Start importing Assets/vSchool/Models/plan locaux/Materials/Porte_2388Mat.mat using Guid(aef4c16a3c060af47b30fa942f1cb9d9) Importer(815301076,1909f56bfc062723c751e8b465ee728b)  -> (artifact id: '34684d3d0d69da0869ac9c65c22ba46a') in 0.041465 seconds 
========================================================================
Received Import Request.
  Time since last request: 0.000043 seconds.
  path: Assets/vSchool/Models/Amenagement/Materials/Porte_4245Mat.mat
  artifactKey: Guid(4b72775fe89f80f4b80f01261a3264b3) Importer(815301076,1909f56bfc062723c751e8b465ee728b)
Start importing Assets/vSchool/Models/Amenagement/Materials/Porte_4245Mat.mat using Guid(4b72775fe89f80f4b80f01261a3264b3) Importer(815301076,1909f56bfc062723c751e8b465ee728b)  -> (artifact id: '8ee8b9d983be74269ca1654b242184c4') in 0.034663 seconds 
========================================================================
Received Import Request.
  Time since last request: 0.000033 seconds.
  path: Assets/vSchool/Models/plan locaux/Materials/Porte_409Mat.mat
  artifactKey: Guid(aa4df1f5c8957ae4c89bdc4af53e2e81) Importer(815301076,1909f56bfc062723c751e8b465ee728b)
Start importing Assets/vSchool/Models/plan locaux/Materials/Porte_409Mat.mat using Guid(aa4df1f5c8957ae4c89bdc4af53e2e81) Importer(815301076,1909f56bfc062723c751e8b465ee728b)  -> (artifact id: 'd0acebeb5c7b40cfd5b198951af91d3a') in 0.047228 seconds 
========================================================================
Received Import Request.
  Time since last request: 0.000039 seconds.
  path: Assets/vSchool/Models/plan locaux/Materials/Porte_353Mat.mat
  artifactKey: Guid(274ed22c3a9a855489a9c9243fae9ca7) Importer(815301076,1909f56bfc062723c751e8b465ee728b)
Start importing Assets/vSchool/Models/plan locaux/Materials/Porte_353Mat.mat using Guid(274ed22c3a9a855489a9c9243fae9ca7) Importer(815301076,1909f56bfc062723c751e8b465ee728b)  -> (artifact id: '5182cf69e4b3dbf05f8cbe6d5bd2acb4') in 0.030663 seconds 
========================================================================
Received Import Request.
  Time since last request: 0.000063 seconds.
  path: Assets/vSchool/Models/plan locaux/Materials/Porte_360Mat.mat
  artifactKey: Guid(258d1c5139f04014ead604e3bf183b54) Importer(815301076,1909f56bfc062723c751e8b465ee728b)
Start importing Assets/vSchool/Models/plan locaux/Materials/Porte_360Mat.mat using Guid(258d1c5139f04014ead604e3bf183b54) Importer(815301076,1909f56bfc062723c751e8b465ee728b)  -> (artifact id: '52e42a0059fb5b6395ee13f89dd2ce3d') in 0.041946 seconds 
========================================================================
Received Import Request.
  Time since last request: 0.000046 seconds.
  path: Assets/vSchool/Models/plan locaux/Materials/Porte_388Mat.mat
  artifactKey: Guid(1ae3ed88b1e17e34c8865b21337fe8e5) Importer(815301076,1909f56bfc062723c751e8b465ee728b)
Start importing Assets/vSchool/Models/plan locaux/Materials/Porte_388Mat.mat using Guid(1ae3ed88b1e17e34c8865b21337fe8e5) Importer(815301076,1909f56bfc062723c751e8b465ee728b)  -> (artifact id: '86bd07481d634a3e203763b88380821a') in 0.053031 seconds 
========================================================================
Received Import Request.
  Time since last request: 0.000040 seconds.
  path: Assets/vSchool/Models/Amenagement/Materials/Porte_68725Mat.mat
  artifactKey: Guid(410e2e940947ee64ca07a46df086f149) Importer(815301076,1909f56bfc062723c751e8b465ee728b)
Start importing Assets/vSchool/Models/Amenagement/Materials/Porte_68725Mat.mat using Guid(410e2e940947ee64ca07a46df086f149) Importer(815301076,1909f56bfc062723c751e8b465ee728b)  -> (artifact id: 'd64352e36f5b7afc876ec72d633e12d8') in 0.050914 seconds 
========================================================================
Received Import Request.
  Time since last request: 0.000035 seconds.
  path: Assets/vSchool/Models/Amenagement/Materials/Porte_38663Mat.mat
  artifactKey: Guid(44ea6cf9da966bc4cb24d44299c849f8) Importer(815301076,1909f56bfc062723c751e8b465ee728b)
Start importing Assets/vSchool/Models/Amenagement/Materials/Porte_38663Mat.mat using Guid(44ea6cf9da966bc4cb24d44299c849f8) Importer(815301076,1909f56bfc062723c751e8b465ee728b)  -> (artifact id: '527d56cf1b8e396b531b49f0bf6eb145') in 0.038377 seconds 
========================================================================
Received Import Request.
  Time since last request: 0.000035 seconds.
  path: Assets/vSchool/Models/plan locaux/Materials/Porte_402Mat.mat
  artifactKey: Guid(7a422da7396db0244bb16b41f01777b1) Importer(815301076,1909f56bfc062723c751e8b465ee728b)
Start importing Assets/vSchool/Models/plan locaux/Materials/Porte_402Mat.mat using Guid(7a422da7396db0244bb16b41f01777b1) Importer(815301076,1909f56bfc062723c751e8b465ee728b)  -> (artifact id: '5c67c36fb1f9531fc7e85c1004360c86') in 0.043474 seconds 
========================================================================
Received Import Request.
  Time since last request: 0.000069 seconds.
  path: Assets/vSchool/Models/plan locaux/Materials/Porte_339Mat.mat
  artifactKey: Guid(48f22de836f65884aaaebd3547ed96fc) Importer(815301076,1909f56bfc062723c751e8b465ee728b)
Start importing Assets/vSchool/Models/plan locaux/Materials/Porte_339Mat.mat using Guid(48f22de836f65884aaaebd3547ed96fc) Importer(815301076,1909f56bfc062723c751e8b465ee728b)  -> (artifact id: 'f5b92ff54532fc3a79b6a1c1d06416d6') in 0.035309 seconds 
========================================================================
Received Import Request.
  Time since last request: 0.000053 seconds.
  path: Assets/vSchool/Models/plan locaux/Materials/Porte_395Mat.mat
  artifactKey: Guid(9d24fa300d7ff064884e747e50fa8055) Importer(815301076,1909f56bfc062723c751e8b465ee728b)
Start importing Assets/vSchool/Models/plan locaux/Materials/Porte_395Mat.mat using Guid(9d24fa300d7ff064884e747e50fa8055) Importer(815301076,1909f56bfc062723c751e8b465ee728b)  -> (artifact id: '7c32cf3660fbd167b3688f9bec5a6044') in 0.029502 seconds 
========================================================================
Received Import Request.
  Time since last request: 0.000037 seconds.
  path: Assets/vSchool/Models/Amenagement/Materials/Porte_6219Mat.mat
  artifactKey: Guid(7c5b040021b168a4eb010f870420502f) Importer(815301076,1909f56bfc062723c751e8b465ee728b)
Start importing Assets/vSchool/Models/Amenagement/Materials/Porte_6219Mat.mat using Guid(7c5b040021b168a4eb010f870420502f) Importer(815301076,1909f56bfc062723c751e8b465ee728b)  -> (artifact id: '9f76eb59e6033057162057ec84076882') in 0.025792 seconds 
========================================================================
Received Import Request.
  Time since last request: 0.000058 seconds.
  path: Assets/vSchool/Models/Amenagement/Materials/Porte_3963Mat.mat
  artifactKey: Guid(511ecbb764f8f5e479e4a9b880dd8232) Importer(815301076,1909f56bfc062723c751e8b465ee728b)
Start importing Assets/vSchool/Models/Amenagement/Materials/Porte_3963Mat.mat using Guid(511ecbb764f8f5e479e4a9b880dd8232) Importer(815301076,1909f56bfc062723c751e8b465ee728b)  -> (artifact id: 'fdbe6cb0625509c5778de759883e344c') in 0.043968 seconds 
========================================================================
Received Import Request.
  Time since last request: 0.000042 seconds.
  path: Assets/vSchool/Models/Amenagement/Materials/Porte_70621Mat.mat
  artifactKey: Guid(aa06b111d9a714145aa5422d385d0fad) Importer(815301076,1909f56bfc062723c751e8b465ee728b)
Start importing Assets/vSchool/Models/Amenagement/Materials/Porte_70621Mat.mat using Guid(aa06b111d9a714145aa5422d385d0fad) Importer(815301076,1909f56bfc062723c751e8b465ee728b)  -> (artifact id: '867abcab150599fbd668ac3eeecc487b') in 0.027005 seconds 
========================================================================
Received Import Request.
  Time since last request: 0.000060 seconds.
  path: Assets/vSchool/Models/plan locaux/Materials/Porte_2393Mat.mat
  artifactKey: Guid(dcad1f4083e4b8c4dbb08354de971ed7) Importer(815301076,1909f56bfc062723c751e8b465ee728b)
Start importing Assets/vSchool/Models/plan locaux/Materials/Porte_2393Mat.mat using Guid(dcad1f4083e4b8c4dbb08354de971ed7) Importer(815301076,1909f56bfc062723c751e8b465ee728b)  -> (artifact id: '7e744326a14af9d0433ed31329e7b9d3') in 0.045845 seconds 
========================================================================
Received Import Request.
  Time since last request: 0.000054 seconds.
  path: Assets/vSchool/Models/plan locaux/Materials/Porte_325Mat.mat
  artifactKey: Guid(75beea55db12f8649be88e6ed217f7cc) Importer(815301076,1909f56bfc062723c751e8b465ee728b)
Start importing Assets/vSchool/Models/plan locaux/Materials/Porte_325Mat.mat using Guid(75beea55db12f8649be88e6ed217f7cc) Importer(815301076,1909f56bfc062723c751e8b465ee728b)  -> (artifact id: '58837df04289e880355920d33eacdade') in 0.038676 seconds 
========================================================================
Received Import Request.
  Time since last request: 0.000048 seconds.
  path: Assets/vSchool/Models/Amenagement/Materials/Porte_1_68237Mat.mat
  artifactKey: Guid(fbefb77eaef461f449532a2f8bdc7087) Importer(815301076,1909f56bfc062723c751e8b465ee728b)
Start importing Assets/vSchool/Models/Amenagement/Materials/Porte_1_68237Mat.mat using Guid(fbefb77eaef461f449532a2f8bdc7087) Importer(815301076,1909f56bfc062723c751e8b465ee728b)  -> (artifact id: '182b2861ca01d89626e413535ec62d9d') in 0.033793 seconds 
========================================================================
Received Import Request.
  Time since last request: 0.000027 seconds.
  path: Assets/vSchool/Models/Amenagement/Materials/Porte_5373Mat.mat
  artifactKey: Guid(6e860da4927d5974cb7c4398113555ba) Importer(815301076,1909f56bfc062723c751e8b465ee728b)
Start importing Assets/vSchool/Models/Amenagement/Materials/Porte_5373Mat.mat using Guid(6e860da4927d5974cb7c4398113555ba) Importer(815301076,1909f56bfc062723c751e8b465ee728b)  -> (artifact id: '60cc69991d2d5ac95adc4ff3e4ecd367') in 0.047096 seconds 
========================================================================
Received Import Request.
  Time since last request: 14.554783 seconds.
  path: Packages/com.unity.inputsystem/InputSystem/Editor/AssetImporter
  artifactKey: Guid(9d7486ba41233414a9ed80716a544026) Importer(815301076,1909f56bfc062723c751e8b465ee728b)
Start importing Packages/com.unity.inputsystem/InputSystem/Editor/AssetImporter using Guid(9d7486ba41233414a9ed80716a544026) Importer(815301076,1909f56bfc062723c751e8b465ee728b)  -> (artifact id: 'e3884caa3466d5e013b013750615f60b') in 0.013000 seconds 
Editor requested this worker to shutdown with reason: Scaling down because of idle timeout
AssetImportWorker is now disconnected from the server
Process exiting
Exiting without the bug reporter. Application will terminate with return code 0