Using pre-set license
Built from '2021.3/staging' branch; Version is '2021.3.15f1 (e8e88683f834) revision 15263878'; Using compiler version '192829333'; Build Type 'Release'
OS: 'Windows 11  (10.0.22621) 64bit Professional' Language: 'en' Physical Memory: 16204 MB
BatchMode: 1, IsHumanControllingUs: 0, StartBugReporterOnCrash: 0, Is64bit: 1, IsPro: 1

COMMAND LINE ARGUMENTS:
C:\Program Files\Unity\Hub\Editor\2021.3.15f1\Editor\Unity.exe
-adb2
-batchMode
-noUpm
-name
AssetImportWorker1
-projectPath
C:/Users/simon/Documents/Development/mini-projet-unity
-logFile
Logs/AssetImportWorker1.log
-srvPort
62869
Successfully changed project path to: C:/Users/simon/Documents/Development/mini-projet-unity
C:/Users/simon/Documents/Development/mini-projet-unity
[UnityMemory] Configuration Parameters - Can be set up in boot.config
    "memorysetup-bucket-allocator-granularity=16"
    "memorysetup-bucket-allocator-bucket-count=8"
    "memorysetup-bucket-allocator-block-size=33554432"
    "memorysetup-bucket-allocator-block-count=8"
    "memorysetup-main-allocator-block-size=16777216"
    "memorysetup-thread-allocator-block-size=16777216"
    "memorysetup-gfx-main-allocator-block-size=16777216"
    "memorysetup-gfx-thread-allocator-block-size=16777216"
    "memorysetup-cache-allocator-block-size=4194304"
    "memorysetup-typetree-allocator-block-size=2097152"
    "memorysetup-profiler-bucket-allocator-granularity=16"
    "memorysetup-profiler-bucket-allocator-bucket-count=8"
    "memorysetup-profiler-bucket-allocator-block-size=33554432"
    "memorysetup-profiler-bucket-allocator-block-count=8"
    "memorysetup-profiler-allocator-block-size=16777216"
    "memorysetup-profiler-editor-allocator-block-size=1048576"
    "memorysetup-temp-allocator-size-main=16777216"
    "memorysetup-job-temp-allocator-block-size=2097152"
    "memorysetup-job-temp-allocator-block-size-background=1048576"
    "memorysetup-job-temp-allocator-reduction-small-platforms=262144"
    "memorysetup-temp-allocator-size-background-worker=32768"
    "memorysetup-temp-allocator-size-job-worker=262144"
    "memorysetup-temp-allocator-size-preload-manager=33554432"
    "memorysetup-temp-allocator-size-nav-mesh-worker=65536"
    "memorysetup-temp-allocator-size-audio-worker=65536"
    "memorysetup-temp-allocator-size-cloud-worker=32768"
    "memorysetup-temp-allocator-size-gi-baking-worker=262144"
    "memorysetup-temp-allocator-size-gfx=262144"
Player connection [16568] Host "[IP] 192.168.159.1 [Port] 0 [Flags] 2 [Guid] 1259442686 [EditorId] 1259442686 [Version] 1048832 [Id] WindowsEditor(7,MiNotebookPro) [Debug] 1 [PackageName] WindowsEditor [ProjectName] Editor" joined multi-casting on [225.0.0.222:54997]...

Player connection [16568] Host "[IP] 192.168.159.1 [Port] 0 [Flags] 2 [Guid] 1259442686 [EditorId] 1259442686 [Version] 1048832 [Id] WindowsEditor(7,MiNotebookPro) [Debug] 1 [PackageName] WindowsEditor [ProjectName] Editor" joined alternative multi-casting on [225.0.0.222:34997]...

Refreshing native plugins compatible for Editor in 107.41 ms, found 2 plugins.
Preloading 0 native plugins for Editor in 0.00 ms.
Initialize engine version: 2021.3.15f1 (e8e88683f834)
[Subsystems] Discovering subsystems at path C:/Program Files/Unity/Hub/Editor/2021.3.15f1/Editor/Data/Resources/UnitySubsystems
[Subsystems] Discovering subsystems at path C:/Users/simon/Documents/Development/mini-projet-unity/Assets
GfxDevice: creating device client; threaded=0; jobified=0
Direct3D:
    Version:  Direct3D 11.0 [level 11.1]
    Renderer: NVIDIA GeForce MX150 (ID=0x1d12)
    Vendor:   NVIDIA
    VRAM:     1982 MB
    Driver:   31.0.15.2737
Initialize mono
Mono path[0] = 'C:/Program Files/Unity/Hub/Editor/2021.3.15f1/Editor/Data/Managed'
Mono path[1] = 'C:/Program Files/Unity/Hub/Editor/2021.3.15f1/Editor/Data/MonoBleedingEdge/lib/mono/unityjit-win32'
Mono config path = 'C:/Program Files/Unity/Hub/Editor/2021.3.15f1/Editor/Data/MonoBleedingEdge/etc'
Using monoOptions --debugger-agent=transport=dt_socket,embedding=1,server=y,suspend=n,address=127.0.0.1:56568
Begin MonoManager ReloadAssembly
Registering precompiled unity dll's ...
Register platform support module: C:/Program Files/Unity/Hub/Editor/2021.3.15f1/Editor/Data/PlaybackEngines/WebGLSupport/UnityEditor.WebGL.Extensions.dll
Register platform support module: C:/Program Files/Unity/Hub/Editor/2021.3.15f1/Editor/Data/PlaybackEngines/WindowsStandaloneSupport/UnityEditor.WindowsStandalone.Extensions.dll
Registered in 0.006895 seconds.
Native extension for WindowsStandalone target not found
Native extension for WebGL target not found
Refreshing native plugins compatible for Editor in 98.53 ms, found 2 plugins.
Preloading 0 native plugins for Editor in 0.00 ms.
Mono: successfully reloaded assembly
- Completed reload, in  0.873 seconds
Domain Reload Profiling:
	ReloadAssembly (874ms)
		BeginReloadAssembly (101ms)
			ExecutionOrderSort (0ms)
			DisableScriptedObjects (0ms)
			BackupInstance (0ms)
			ReleaseScriptingObjects (0ms)
			CreateAndSetChildDomain (1ms)
		EndReloadAssembly (625ms)
			LoadAssemblies (99ms)
			RebuildTransferFunctionScriptingTraits (0ms)
			SetupTypeCache (132ms)
			ReleaseScriptCaches (0ms)
			RebuildScriptCaches (40ms)
			SetupLoadedEditorAssemblies (384ms)
				LogAssemblyErrors (0ms)
				InitializePlatformSupportModulesInManaged (11ms)
				SetLoadedEditorAssemblies (0ms)
				RefreshPlugins (99ms)
				BeforeProcessingInitializeOnLoad (2ms)
				ProcessInitializeOnLoadAttributes (198ms)
				ProcessInitializeOnLoadMethodAttributes (74ms)
				AfterProcessingInitializeOnLoad (0ms)
				EditorAssembliesLoaded (0ms)
			ExecutionOrderSort2 (0ms)
			AwakeInstancesAfterBackupRestoration (0ms)
Platform modules already initialized, skipping
Registering precompiled user dll's ...
Registered in 0.008864 seconds.
Begin MonoManager ReloadAssembly
Native extension for WindowsStandalone target not found
Native extension for WebGL target not found
Refreshing native plugins compatible for Editor in 97.34 ms, found 2 plugins.
Preloading 0 native plugins for Editor in 0.00 ms.
Package Manager log level set to [2]
Mono: successfully reloaded assembly
- Completed reload, in  1.629 seconds
Domain Reload Profiling:
	ReloadAssembly (1630ms)
		BeginReloadAssembly (162ms)
			ExecutionOrderSort (0ms)
			DisableScriptedObjects (7ms)
			BackupInstance (0ms)
			ReleaseScriptingObjects (0ms)
			CreateAndSetChildDomain (35ms)
		EndReloadAssembly (1337ms)
			LoadAssemblies (110ms)
			RebuildTransferFunctionScriptingTraits (0ms)
			SetupTypeCache (256ms)
			ReleaseScriptCaches (1ms)
			RebuildScriptCaches (83ms)
			SetupLoadedEditorAssemblies (823ms)
				LogAssemblyErrors (0ms)
				InitializePlatformSupportModulesInManaged (6ms)
				SetLoadedEditorAssemblies (0ms)
				RefreshPlugins (97ms)
				BeforeProcessingInitializeOnLoad (100ms)
				ProcessInitializeOnLoadAttributes (418ms)
				ProcessInitializeOnLoadMethodAttributes (192ms)
				AfterProcessingInitializeOnLoad (9ms)
				EditorAssembliesLoaded (0ms)
			ExecutionOrderSort2 (0ms)
			AwakeInstancesAfterBackupRestoration (10ms)
Platform modules already initialized, skipping
========================================================================
Worker process is ready to serve import requests
Launched and connected shader compiler UnityShaderCompiler.exe after 0.06 seconds
Refreshing native plugins compatible for Editor in 1.57 ms, found 2 plugins.
Preloading 0 native plugins for Editor in 0.00 ms.
Unloading 2955 Unused Serialized files (Serialized files now loaded: 0)
Unloading 78 unused Assets / (131.0 KB). Loaded Objects now: 3391.
Memory consumption went from 115.3 MB to 115.1 MB.
Total: 11.984500 ms (FindLiveObjects: 0.302300 ms CreateObjectMapping: 0.271500 ms MarkObjects: 11.269100 ms  DeleteObjects: 0.140000 ms)

AssetImportParameters requested are different than current active one (requested -> active):
  custom:video-decoder-ogg-theora: a1e56fd34408186e4bbccfd4996cb3dc -> 
  custom:container-muxer-webm: aa71ff27fc2769a1b78a27578f13a17b -> 
  custom:container-demuxer-webm: 4f35f7cbe854078d1ac9338744f61a02 -> 
  custom:video-encoder-webm-vp8: eb34c28f22e8b96e1ab97ce403110664 -> 
  custom:audio-encoder-webm-vorbis: bf7c407c2cedff20999df2af8eb42d56 -> 
  custom:framework-win-MediaFoundation: 216162199b28c13a410421893ffa2e32 -> 
  custom:container-demuxer-ogg: 62fdf1f143b41e24485cea50d1cbac27 -> 
  custom:video-decoder-webm-vp8: 9c59270c3fd7afecdb556c50c9e8de78 -> 
  custom:audio-decoder-ogg-vorbis: bf7c407c2cedff20999df2af8eb42d56 -> 
========================================================================
Received Import Request.
  Time since last request: 88548.739770 seconds.
  path: Assets/vSchool/Prefabs/carton ouvert.FBX
  artifactKey: Guid(ba89685afe8b39742b83c21566511aca) Importer(815301076,1909f56bfc062723c751e8b465ee728b)
Start importing Assets/vSchool/Prefabs/carton ouvert.FBX using Guid(ba89685afe8b39742b83c21566511aca) Importer(815301076,1909f56bfc062723c751e8b465ee728b)  -> (artifact id: '0303e3e87454045a6ab7a7d1f3567f21') in 0.185313 seconds 
========================================================================
Received Import Request.
  Time since last request: 0.000022 seconds.
  path: Assets/vSchool/Prefabs/LAser cutter.FBX
  artifactKey: Guid(4872dc49aff35314a95aa3b3144f6aa7) Importer(815301076,1909f56bfc062723c751e8b465ee728b)
Start importing Assets/vSchool/Prefabs/LAser cutter.FBX using Guid(4872dc49aff35314a95aa3b3144f6aa7) Importer(815301076,1909f56bfc062723c751e8b465ee728b)  -> (artifact id: '1746168f82552851eaad6642f00bdbe3') in 0.179571 seconds 
========================================================================
Received Import Request.
  Time since last request: 0.000031 seconds.
  path: Assets/vSchool/Prefabs/Pince.FBX
  artifactKey: Guid(155eccb9107fdc9419ed74786e4d4f75) Importer(815301076,1909f56bfc062723c751e8b465ee728b)
Start importing Assets/vSchool/Prefabs/Pince.FBX using Guid(155eccb9107fdc9419ed74786e4d4f75) Importer(815301076,1909f56bfc062723c751e8b465ee728b)  -> (artifact id: 'fcc2234b612fd3846837b17442ce1bd8') in 0.166236 seconds 
========================================================================
Received Import Request.
  Time since last request: 0.000044 seconds.
  path: Assets/vSchool/Prefabs/Pot de fleurs.FBX
  artifactKey: Guid(a60d91264f42946428ca665b551acbfb) Importer(815301076,1909f56bfc062723c751e8b465ee728b)
Start importing Assets/vSchool/Prefabs/Pot de fleurs.FBX using Guid(a60d91264f42946428ca665b551acbfb) Importer(815301076,1909f56bfc062723c751e8b465ee728b)  -> (artifact id: '69b8aacdcf60b464a30b6964bfe90a72') in 0.057420 seconds 
========================================================================
Received Import Request.
  Time since last request: 0.000023 seconds.
  path: Assets/vSchool/Prefabs/LaserCutter.FBX
  artifactKey: Guid(a179bbf88b101184e9c4fe9a5a6549f1) Importer(815301076,1909f56bfc062723c751e8b465ee728b)
Start importing Assets/vSchool/Prefabs/LaserCutter.FBX using Guid(a179bbf88b101184e9c4fe9a5a6549f1) Importer(815301076,1909f56bfc062723c751e8b465ee728b)  -> (artifact id: 'b46f73ef8ccb2bd7befca8d845900906') in 2.909189 seconds 
========================================================================
Received Import Request.
  Time since last request: 5.295363 seconds.
  path: Assets/vSchool/Materials/MetalBlack.mat
  artifactKey: Guid(db19012e8116b724cb4b5faf1cbaff18) Importer(815301076,1909f56bfc062723c751e8b465ee728b)
Start importing Assets/vSchool/Materials/MetalBlack.mat using Guid(db19012e8116b724cb4b5faf1cbaff18) Importer(815301076,1909f56bfc062723c751e8b465ee728b)  -> (artifact id: 'ebe4e031e22ad48e52a7b64093df52d7') in 0.044755 seconds 
========================================================================
Received Import Request.
  Time since last request: 0.000028 seconds.
  path: Assets/vSchool/Materials/WallTempMat.mat
  artifactKey: Guid(124bf37dbdc2bda4287e56c0c388a05f) Importer(815301076,1909f56bfc062723c751e8b465ee728b)
Start importing Assets/vSchool/Materials/WallTempMat.mat using Guid(124bf37dbdc2bda4287e56c0c388a05f) Importer(815301076,1909f56bfc062723c751e8b465ee728b)  -> (artifact id: '65b61fa0e3b8d5948681c895f7ec74d7') in 0.024019 seconds 
========================================================================
Received Import Request.
  Time since last request: 4.553301 seconds.
  path: Assets/vSchool/Textures/LineactRechercheTuto.png
  artifactKey: Guid(3add8c1c143658341a87f78f3f7526cb) Importer(815301076,1909f56bfc062723c751e8b465ee728b)
Start importing Assets/vSchool/Textures/LineactRechercheTuto.png using Guid(3add8c1c143658341a87f78f3f7526cb) Importer(815301076,1909f56bfc062723c751e8b465ee728b)  -> (artifact id: '0810c68c3a969984600d78ca0288ed35') in 0.037093 seconds 
========================================================================
Received Import Request.
  Time since last request: 0.000039 seconds.
  path: Assets/vSchool/Textures/Sans titre 6.bmp
  artifactKey: Guid(2f0517d86a647794690cc6d0f936421d) Importer(815301076,1909f56bfc062723c751e8b465ee728b)
Start importing Assets/vSchool/Textures/Sans titre 6.bmp using Guid(2f0517d86a647794690cc6d0f936421d) Importer(815301076,1909f56bfc062723c751e8b465ee728b)  -> (artifact id: 'b5266915ec860a70f9418fbaf9a5b78f') in 0.016219 seconds 
========================================================================
Received Import Request.
  Time since last request: 38.782536 seconds.
  path: Assets/vSchool/Models/plan locaux/Materials/Cylinder_1_1_24_513Mat.mat
  artifactKey: Guid(49fa815f16ca99d469d7f53a084d886e) Importer(815301076,1909f56bfc062723c751e8b465ee728b)
Start importing Assets/vSchool/Models/plan locaux/Materials/Cylinder_1_1_24_513Mat.mat using Guid(49fa815f16ca99d469d7f53a084d886e) Importer(815301076,1909f56bfc062723c751e8b465ee728b)  -> (artifact id: '303bc65ee389ea0f102f522ef63362e0') in 0.019718 seconds 
========================================================================
Received Import Request.
  Time since last request: 0.000028 seconds.
  path: Assets/vSchool/Models/plan locaux/Materials/Cylinder_1_1_24_798Mat.mat
  artifactKey: Guid(30a26254421d5824bbb602cc98168e8c) Importer(815301076,1909f56bfc062723c751e8b465ee728b)
Start importing Assets/vSchool/Models/plan locaux/Materials/Cylinder_1_1_24_798Mat.mat using Guid(30a26254421d5824bbb602cc98168e8c) Importer(815301076,1909f56bfc062723c751e8b465ee728b)  -> (artifact id: '9d61dad8655033b6f0a4a80447e9c7af') in 0.021791 seconds 
========================================================================
Received Import Request.
  Time since last request: 0.000030 seconds.
  path: Assets/vSchool/Models/plan locaux/Materials/Cylinder_1_1_24_560Mat.mat
  artifactKey: Guid(ba629522a94e9ce42ae09915ffba0785) Importer(815301076,1909f56bfc062723c751e8b465ee728b)
Start importing Assets/vSchool/Models/plan locaux/Materials/Cylinder_1_1_24_560Mat.mat using Guid(ba629522a94e9ce42ae09915ffba0785) Importer(815301076,1909f56bfc062723c751e8b465ee728b)  -> (artifact id: '10be834b4e312d64123615edd2983c4e') in 0.022548 seconds 
========================================================================
Received Import Request.
  Time since last request: 0.000047 seconds.
  path: Assets/vSchool/Models/plan locaux/Materials/Cylinder_1_9_498Mat.mat
  artifactKey: Guid(35e3fd46abba1824ca0a4f93b36505af) Importer(815301076,1909f56bfc062723c751e8b465ee728b)
Start importing Assets/vSchool/Models/plan locaux/Materials/Cylinder_1_9_498Mat.mat using Guid(35e3fd46abba1824ca0a4f93b36505af) Importer(815301076,1909f56bfc062723c751e8b465ee728b)  -> (artifact id: 'a5d8c8205b428dba5b447e21c0fa7e04') in 0.021700 seconds 
========================================================================
Received Import Request.
  Time since last request: 0.000028 seconds.
  path: Assets/vSchool/Models/plan locaux/Materials/Cylinder_1_1_24_767Mat.mat
  artifactKey: Guid(74c256f3d881bb740a3442f2281241ad) Importer(815301076,1909f56bfc062723c751e8b465ee728b)
Start importing Assets/vSchool/Models/plan locaux/Materials/Cylinder_1_1_24_767Mat.mat using Guid(74c256f3d881bb740a3442f2281241ad) Importer(815301076,1909f56bfc062723c751e8b465ee728b)  -> (artifact id: '788d93f46a324b787f3bd92a6a90ff8d') in 0.022055 seconds 
========================================================================
Received Import Request.
  Time since last request: 0.000029 seconds.
  path: Assets/vSchool/Models/plan locaux/Materials/Cylinder_1_9_545Mat.mat
  artifactKey: Guid(eb1f1b2a6558cd7428f013d9ad8124cb) Importer(815301076,1909f56bfc062723c751e8b465ee728b)
Start importing Assets/vSchool/Models/plan locaux/Materials/Cylinder_1_9_545Mat.mat using Guid(eb1f1b2a6558cd7428f013d9ad8124cb) Importer(815301076,1909f56bfc062723c751e8b465ee728b)  -> (artifact id: 'a0f644a5de9e6c2ceeec4e0c5efd2f49') in 0.022371 seconds 
========================================================================
Received Import Request.
  Time since last request: 0.000030 seconds.
  path: Assets/vSchool/Models/plan locaux/Materials/Cylinder_1_1_24_669Mat.mat
  artifactKey: Guid(b73f742eb13e934429a2803a5154e140) Importer(815301076,1909f56bfc062723c751e8b465ee728b)
Start importing Assets/vSchool/Models/plan locaux/Materials/Cylinder_1_1_24_669Mat.mat using Guid(b73f742eb13e934429a2803a5154e140) Importer(815301076,1909f56bfc062723c751e8b465ee728b)  -> (artifact id: '21ea74bbb0d70dc80bf599be66b5ff33') in 0.022693 seconds 
Editor requested this worker to shutdown with reason: Scaling down because of idle timeout
AssetImportWorker is now disconnected from the server
Process exiting
Exiting without the bug reporter. Application will terminate with return code 0
